<?xml version="1.0" ?>
<coverage version="7.10.7" timestamp="1761057056257" lines-valid="49" lines-covered="26" line-rate="0.5306" branches-valid="4" branches-covered="0" branch-rate="0" complexity="0">
	<!-- Generated by coverage.py: https://coverage.readthedocs.io/en/7.10.7 -->
	<!-- Based on https://raw.githubusercontent.com/cobertura/web/master/htdocs/xml/coverage-04.dtd -->
	<sources>
		<source>projects</source>
	</sources>
	<packages>
		<package name="." line-rate="1" branch-rate="1" complexity="0">
			<classes>
				<class name="__init__.py" filename="__init__.py" complexity="0" line-rate="1" branch-rate="1">
					<methods/>
					<lines/>
				</class>
			</classes>
		</package>
		<package name="can_data_platform" line-rate="1" branch-rate="1" complexity="0">
			<classes>
				<class name="__init__.py" filename="can_data_platform/__init__.py" complexity="0" line-rate="1" branch-rate="1">
					<methods/>
					<lines/>
				</class>
			</classes>
		</package>
		<package name="can_data_platform.src" line-rate="1" branch-rate="1" complexity="0">
			<classes>
				<class name="__init__.py" filename="can_data_platform/src/__init__.py" complexity="0" line-rate="1" branch-rate="1">
					<methods/>
					<lines/>
				</class>
			</classes>
		</package>
		<package name="can_data_platform.src.sqs" line-rate="0.65" branch-rate="0" complexity="0">
			<classes>
				<class name="__init__.py" filename="can_data_platform/src/sqs/__init__.py" complexity="0" line-rate="1" branch-rate="1">
					<methods/>
					<lines>
						<line number="7" hits="1"/>
						<line number="8" hits="1"/>
						<line number="9" hits="1"/>
						<line number="11" hits="1"/>
					</lines>
				</class>
				<class name="config.py" filename="can_data_platform/src/sqs/config.py" complexity="0" line-rate="1" branch-rate="1">
					<methods/>
					<lines>
						<line number="7" hits="1"/>
						<line number="10" hits="1"/>
						<line number="11" hits="1"/>
						<line number="28" hits="1"/>
						<line number="29" hits="1"/>
						<line number="30" hits="1"/>
						<line number="31" hits="1"/>
						<line number="32" hits="1"/>
						<line number="33" hits="1"/>
						<line number="34" hits="1"/>
					</lines>
				</class>
				<class name="manager.py" filename="can_data_platform/src/sqs/manager.py" complexity="0" line-rate="0.4286" branch-rate="0">
					<methods/>
					<lines>
						<line number="7" hits="1"/>
						<line number="8" hits="1"/>
						<line number="10" hits="1"/>
						<line number="12" hits="1"/>
						<line number="15" hits="1"/>
						<line number="26" hits="1"/>
						<line number="33" hits="0"/>
						<line number="34" hits="0" branch="true" condition-coverage="0% (0/2)" missing-branches="35,36"/>
						<line number="35" hits="0"/>
						<line number="36" hits="0"/>
						<line number="37" hits="0"/>
						<line number="39" hits="1"/>
						<line number="45" hits="0"/>
						<line number="51" hits="0" branch="true" condition-coverage="0% (0/2)" missing-branches="52,53"/>
						<line number="52" hits="0"/>
						<line number="53" hits="0"/>
						<line number="54" hits="0"/>
						<line number="56" hits="1"/>
						<line number="68" hits="0"/>
						<line number="72" hits="1"/>
						<line number="81" hits="0"/>
					</lines>
				</class>
				<class name="policy.py" filename="can_data_platform/src/sqs/policy.py" complexity="0" line-rate="0.6" branch-rate="1">
					<methods/>
					<lines>
						<line number="7" hits="1"/>
						<line number="10" hits="1"/>
						<line number="22" hits="0"/>
						<line number="39" hits="1"/>
						<line number="51" hits="0"/>
					</lines>
				</class>
			</classes>
		</package>
		<package name="can_data_platform.src.utils" line-rate="0" branch-rate="1" complexity="0">
			<classes>
				<class name="__init__.py" filename="can_data_platform/src/utils/__init__.py" complexity="0" line-rate="1" branch-rate="1">
					<methods/>
					<lines/>
				</class>
				<class name="config.py" filename="can_data_platform/src/utils/config.py" complexity="0" line-rate="0" branch-rate="1">
					<methods/>
					<lines>
						<line number="6" hits="0"/>
						<line number="8" hits="0"/>
						<line number="10" hits="0"/>
						<line number="11" hits="0"/>
						<line number="13" hits="0"/>
						<line number="14" hits="0"/>
						<line number="16" hits="0"/>
						<line number="18" hits="0"/>
						<line number="19" hits="0"/>
					</lines>
				</class>
			</classes>
		</package>
	</packages>
</coverage>
