{"meta": {"format": 3, "version": "7.10.7", "timestamp": "2025-10-19T13:39:51.755816", "branch_coverage": true, "show_contexts": false}, "files": {".github/issue_deployment/__init__.py": {"executed_lines": [], "summary": {"covered_lines": 0, "num_statements": 0, "percent_covered": 100.0, "percent_covered_display": "100", "missing_lines": 0, "excluded_lines": 0, "num_branches": 0, "num_partial_branches": 0, "covered_branches": 0, "missing_branches": 0}, "missing_lines": [], "excluded_lines": [], "executed_branches": [], "missing_branches": [], "functions": {"": {"executed_lines": [], "summary": {"covered_lines": 0, "num_statements": 0, "percent_covered": 100.0, "percent_covered_display": "100", "missing_lines": 0, "excluded_lines": 0, "num_branches": 0, "num_partial_branches": 0, "covered_branches": 0, "missing_branches": 0}, "missing_lines": [], "excluded_lines": [], "executed_branches": [], "missing_branches": []}}, "classes": {"": {"executed_lines": [], "summary": {"covered_lines": 0, "num_statements": 0, "percent_covered": 100.0, "percent_covered_display": "100", "missing_lines": 0, "excluded_lines": 0, "num_branches": 0, "num_partial_branches": 0, "covered_branches": 0, "missing_branches": 0}, "missing_lines": [], "excluded_lines": [], "executed_branches": [], "missing_branches": []}}}, ".github/issue_deployment/issue_deployer.py": {"executed_lines": [1, 7, 8, 9, 11, 13, 14, 15, 19, 20, 24, 27, 30, 32, 33, 36, 38, 39, 45, 47, 48, 50, 51, 52, 53, 56, 63, 64, 65, 69, 79, 80, 82, 83, 84, 86, 87, 89, 92, 99, 101, 102, 105, 115, 117, 118, 121, 129, 130, 131, 132, 133, 135, 136, 137, 138, 141, 144, 145, 148, 149, 150, 152, 153, 156, 157, 160, 163, 164, 167, 170], "summary": {"covered_lines": 69, "num_statements": 72, "percent_covered": 95.45454545454545, "percent_covered_display": "95", "missing_lines": 3, "excluded_lines": 2, "num_branches": 16, "num_partial_branches": 1, "covered_branches": 15, "missing_branches": 1}, "missing_lines": [16, 18, 25], "excluded_lines": [170, 171], "executed_branches": [[24, 27], [50, 51], [50, 53], [64, -56], [64, 65], [82, 83], [82, 86], [130, -121], [130, 131], [131, 132], [131, 133], [148, 149], [148, 152], [163, 164], [163, 167]], "missing_branches": [[24, 25]], "functions": {"get_base_url": {"executed_lines": [32, 33], "summary": {"covered_lines": 2, "num_statements": 2, "percent_covered": 100.0, "percent_covered_display": "100", "missing_lines": 0, "excluded_lines": 0, "num_branches": 0, "num_partial_branches": 0, "covered_branches": 0, "missing_branches": 0}, "missing_lines": [], "excluded_lines": [], "executed_branches": [], "missing_branches": []}, "get_headers": {"executed_lines": [38, 39], "summary": {"covered_lines": 2, "num_statements": 2, "percent_covered": 100.0, "percent_covered_display": "100", "missing_lines": 0, "excluded_lines": 0, "num_branches": 0, "num_partial_branches": 0, "covered_branches": 0, "missing_branches": 0}, "missing_lines": [], "excluded_lines": [], "executed_branches": [], "missing_branches": []}, "fetch_milestones": {"executed_lines": [47, 48, 50, 51, 52, 53], "summary": {"covered_lines": 6, "num_statements": 6, "percent_covered": 100.0, "percent_covered_display": "100", "missing_lines": 0, "excluded_lines": 0, "num_branches": 2, "num_partial_branches": 0, "covered_branches": 2, "missing_branches": 0}, "missing_lines": [], "excluded_lines": [], "executed_branches": [[50, 51], [50, 53]], "missing_branches": []}, "display_milestones": {"executed_lines": [63, 64, 65], "summary": {"covered_lines": 3, "num_statements": 3, "percent_covered": 100.0, "percent_covered_display": "100", "missing_lines": 0, "excluded_lines": 0, "num_branches": 2, "num_partial_branches": 0, "covered_branches": 2, "missing_branches": 0}, "missing_lines": [], "excluded_lines": [], "executed_branches": [[64, -56], [64, 65]], "missing_branches": []}, "load_issues_from_json": {"executed_lines": [79, 80, 82, 83, 84, 86, 87, 89], "summary": {"covered_lines": 8, "num_statements": 8, "percent_covered": 100.0, "percent_covered_display": "100", "missing_lines": 0, "excluded_lines": 0, "num_branches": 2, "num_partial_branches": 0, "covered_branches": 2, "missing_branches": 0}, "missing_lines": [], "excluded_lines": [], "executed_branches": [[82, 83], [82, 86]], "missing_branches": []}, "get_milestone_assignment": {"executed_lines": [99, 101, 102], "summary": {"covered_lines": 3, "num_statements": 3, "percent_covered": 100.0, "percent_covered_display": "100", "missing_lines": 0, "excluded_lines": 0, "num_branches": 0, "num_partial_branches": 0, "covered_branches": 0, "missing_branches": 0}, "missing_lines": [], "excluded_lines": [], "executed_branches": [], "missing_branches": []}, "confirm_deployment": {"executed_lines": [115, 117, 118], "summary": {"covered_lines": 3, "num_statements": 3, "percent_covered": 100.0, "percent_covered_display": "100", "missing_lines": 0, "excluded_lines": 0, "num_branches": 0, "num_partial_branches": 0, "covered_branches": 0, "missing_branches": 0}, "missing_lines": [], "excluded_lines": [], "executed_branches": [], "missing_branches": []}, "deploy_issues": {"executed_lines": [129, 130, 131, 132, 133, 135, 136, 137, 138], "summary": {"covered_lines": 9, "num_statements": 9, "percent_covered": 100.0, "percent_covered_display": "100", "missing_lines": 0, "excluded_lines": 0, "num_branches": 4, "num_partial_branches": 0, "covered_branches": 4, "missing_branches": 0}, "missing_lines": [], "excluded_lines": [], "executed_branches": [[130, -121], [130, 131], [131, 132], [131, 133]], "missing_branches": []}, "main": {"executed_lines": [144, 145, 148, 149, 150, 152, 153, 156, 157, 160, 163, 164, 167], "summary": {"covered_lines": 13, "num_statements": 13, "percent_covered": 100.0, "percent_covered_display": "100", "missing_lines": 0, "excluded_lines": 0, "num_branches": 4, "num_partial_branches": 0, "covered_branches": 4, "missing_branches": 0}, "missing_lines": [], "excluded_lines": [], "executed_branches": [[148, 149], [148, 152], [163, 164], [163, 167]], "missing_branches": []}, "": {"executed_lines": [1, 7, 8, 9, 11, 13, 14, 15, 19, 20, 24, 27, 30, 36, 45, 56, 69, 92, 105, 121, 141, 170], "summary": {"covered_lines": 20, "num_statements": 23, "percent_covered": 84.0, "percent_covered_display": "84", "missing_lines": 3, "excluded_lines": 2, "num_branches": 2, "num_partial_branches": 1, "covered_branches": 1, "missing_branches": 1}, "missing_lines": [16, 18, 25], "excluded_lines": [170, 171], "executed_branches": [[24, 27]], "missing_branches": [[24, 25]]}}, "classes": {"": {"executed_lines": [1, 7, 8, 9, 11, 13, 14, 15, 19, 20, 24, 27, 30, 32, 33, 36, 38, 39, 45, 47, 48, 50, 51, 52, 53, 56, 63, 64, 65, 69, 79, 80, 82, 83, 84, 86, 87, 89, 92, 99, 101, 102, 105, 115, 117, 118, 121, 129, 130, 131, 132, 133, 135, 136, 137, 138, 141, 144, 145, 148, 149, 150, 152, 153, 156, 157, 160, 163, 164, 167, 170], "summary": {"covered_lines": 69, "num_statements": 72, "percent_covered": 95.45454545454545, "percent_covered_display": "95", "missing_lines": 3, "excluded_lines": 2, "num_branches": 16, "num_partial_branches": 1, "covered_branches": 15, "missing_branches": 1}, "missing_lines": [16, 18, 25], "excluded_lines": [170, 171], "executed_branches": [[24, 27], [50, 51], [50, 53], [64, -56], [64, 65], [82, 83], [82, 86], [130, -121], [130, 131], [131, 132], [131, 133], [148, 149], [148, 152], [163, 164], [163, 167]], "missing_branches": [[24, 25]]}}}, "projects/can_data_platform/scripts/__init__.py": {"executed_lines": [1], "summary": {"covered_lines": 0, "num_statements": 0, "percent_covered": 100.0, "percent_covered_display": "100", "missing_lines": 0, "excluded_lines": 0, "num_branches": 0, "num_partial_branches": 0, "covered_branches": 0, "missing_branches": 0}, "missing_lines": [], "excluded_lines": [], "executed_branches": [], "missing_branches": [], "functions": {"": {"executed_lines": [1], "summary": {"covered_lines": 0, "num_statements": 0, "percent_covered": 100.0, "percent_covered_display": "100", "missing_lines": 0, "excluded_lines": 0, "num_branches": 0, "num_partial_branches": 0, "covered_branches": 0, "missing_branches": 0}, "missing_lines": [], "excluded_lines": [], "executed_branches": [], "missing_branches": []}}, "classes": {"": {"executed_lines": [1], "summary": {"covered_lines": 0, "num_statements": 0, "percent_covered": 100.0, "percent_covered_display": "100", "missing_lines": 0, "excluded_lines": 0, "num_branches": 0, "num_partial_branches": 0, "covered_branches": 0, "missing_branches": 0}, "missing_lines": [], "excluded_lines": [], "executed_branches": [], "missing_branches": []}}}, "projects/can_data_platform/scripts/gen_sample_events.py": {"executed_lines": [1, 3, 4, 5, 8, 20, 22, 23, 24, 25, 27, 28, 29, 30, 40, 41, 44, 46, 49, 52, 56, 58, 59, 60, 61, 62, 65], "summary": {"covered_lines": 25, "num_statements": 25, "percent_covered": 100.0, "percent_covered_display": "100", "missing_lines": 0, "excluded_lines": 2, "num_branches": 6, "num_partial_branches": 0, "covered_branches": 6, "missing_branches": 0}, "missing_lines": [], "excluded_lines": [65, 66], "executed_branches": [[23, 24], [23, 41], [25, 27], [25, 30], [60, 61], [60, 62]], "missing_branches": [], "functions": {"generate_events": {"executed_lines": [20, 22, 23, 24, 25, 27, 28, 29, 30, 40, 41], "summary": {"covered_lines": 11, "num_statements": 11, "percent_covered": 100.0, "percent_covered_display": "100", "missing_lines": 0, "excluded_lines": 0, "num_branches": 4, "num_partial_branches": 0, "covered_branches": 4, "missing_branches": 0}, "missing_lines": [], "excluded_lines": [], "executed_branches": [[23, 24], [23, 41], [25, 27], [25, 30]], "missing_branches": []}, "main": {"executed_lines": [46, 49, 52, 56, 58, 59, 60, 61, 62], "summary": {"covered_lines": 9, "num_statements": 9, "percent_covered": 100.0, "percent_covered_display": "100", "missing_lines": 0, "excluded_lines": 0, "num_branches": 2, "num_partial_branches": 0, "covered_branches": 2, "missing_branches": 0}, "missing_lines": [], "excluded_lines": [], "executed_branches": [[60, 61], [60, 62]], "missing_branches": []}, "": {"executed_lines": [1, 3, 4, 5, 8, 44, 65], "summary": {"covered_lines": 5, "num_statements": 5, "percent_covered": 100.0, "percent_covered_display": "100", "missing_lines": 0, "excluded_lines": 2, "num_branches": 0, "num_partial_branches": 0, "covered_branches": 0, "missing_branches": 0}, "missing_lines": [], "excluded_lines": [65, 66], "executed_branches": [], "missing_branches": []}}, "classes": {"": {"executed_lines": [1, 3, 4, 5, 8, 20, 22, 23, 24, 25, 27, 28, 29, 30, 40, 41, 44, 46, 49, 52, 56, 58, 59, 60, 61, 62, 65], "summary": {"covered_lines": 25, "num_statements": 25, "percent_covered": 100.0, "percent_covered_display": "100", "missing_lines": 0, "excluded_lines": 2, "num_branches": 6, "num_partial_branches": 0, "covered_branches": 6, "missing_branches": 0}, "missing_lines": [], "excluded_lines": [65, 66], "executed_branches": [[23, 24], [23, 41], [25, 27], [25, 30], [60, 61], [60, 62]], "missing_branches": []}}}, "projects/can_data_platform/scripts/sim_receive.py": {"executed_lines": [1, 8, 9, 10, 12, 19, 22, 23, 32, 33], "summary": {"covered_lines": 9, "num_statements": 9, "percent_covered": 100.0, "percent_covered_display": "100", "missing_lines": 0, "excluded_lines": 0, "num_branches": 0, "num_partial_branches": 0, "covered_branches": 0, "missing_branches": 0}, "missing_lines": [], "excluded_lines": [], "executed_branches": [], "missing_branches": [], "functions": {"receive_event": {"executed_lines": [32, 33], "summary": {"covered_lines": 2, "num_statements": 2, "percent_covered": 100.0, "percent_covered_display": "100", "missing_lines": 0, "excluded_lines": 0, "num_branches": 0, "num_partial_branches": 0, "covered_branches": 0, "missing_branches": 0}, "missing_lines": [], "excluded_lines": [], "executed_branches": [], "missing_branches": []}, "": {"executed_lines": [1, 8, 9, 10, 12, 19, 22, 23], "summary": {"covered_lines": 7, "num_statements": 7, "percent_covered": 100.0, "percent_covered_display": "100", "missing_lines": 0, "excluded_lines": 0, "num_branches": 0, "num_partial_branches": 0, "covered_branches": 0, "missing_branches": 0}, "missing_lines": [], "excluded_lines": [], "executed_branches": [], "missing_branches": []}}, "classes": {"": {"executed_lines": [1, 8, 9, 10, 12, 19, 22, 23, 32, 33], "summary": {"covered_lines": 9, "num_statements": 9, "percent_covered": 100.0, "percent_covered_display": "100", "missing_lines": 0, "excluded_lines": 0, "num_branches": 0, "num_partial_branches": 0, "covered_branches": 0, "missing_branches": 0}, "missing_lines": [], "excluded_lines": [], "executed_branches": [], "missing_branches": []}}}, "projects/can_data_platform/scripts/sim_sender.py": {"executed_lines": [1, 3, 4, 5, 6, 8, 16, 23, 24, 25, 27, 28, 29, 30, 31, 32, 33, 34, 35, 37, 38, 42, 43, 45, 46, 47, 49, 50, 52, 55], "summary": {"covered_lines": 28, "num_statements": 28, "percent_covered": 100.0, "percent_covered_display": "100", "missing_lines": 0, "excluded_lines": 2, "num_branches": 4, "num_partial_branches": 0, "covered_branches": 4, "missing_branches": 0}, "missing_lines": [], "excluded_lines": [55, 56], "executed_branches": [[27, 28], [27, 45], [46, 47], [46, 52]], "missing_branches": [], "functions": {"send_events": {"executed_lines": [23, 24, 25, 27, 28, 29, 30, 31, 32, 33, 34, 35, 37, 38, 42, 43, 45, 46, 47, 49, 50, 52], "summary": {"covered_lines": 22, "num_statements": 22, "percent_covered": 100.0, "percent_covered_display": "100", "missing_lines": 0, "excluded_lines": 0, "num_branches": 4, "num_partial_branches": 0, "covered_branches": 4, "missing_branches": 0}, "missing_lines": [], "excluded_lines": [], "executed_branches": [[27, 28], [27, 45], [46, 47], [46, 52]], "missing_branches": []}, "": {"executed_lines": [1, 3, 4, 5, 6, 8, 16, 55], "summary": {"covered_lines": 6, "num_statements": 6, "percent_covered": 100.0, "percent_covered_display": "100", "missing_lines": 0, "excluded_lines": 2, "num_branches": 0, "num_partial_branches": 0, "covered_branches": 0, "missing_branches": 0}, "missing_lines": [], "excluded_lines": [55, 56], "executed_branches": [], "missing_branches": []}}, "classes": {"": {"executed_lines": [1, 3, 4, 5, 6, 8, 16, 23, 24, 25, 27, 28, 29, 30, 31, 32, 33, 34, 35, 37, 38, 42, 43, 45, 46, 47, 49, 50, 52, 55], "summary": {"covered_lines": 28, "num_statements": 28, "percent_covered": 100.0, "percent_covered_display": "100", "missing_lines": 0, "excluded_lines": 2, "num_branches": 4, "num_partial_branches": 0, "covered_branches": 4, "missing_branches": 0}, "missing_lines": [], "excluded_lines": [55, 56], "executed_branches": [[27, 28], [27, 45], [46, 47], [46, 52]], "missing_branches": []}}}, "projects/can_data_platform/src/__init__.py": {"executed_lines": [], "summary": {"covered_lines": 0, "num_statements": 0, "percent_covered": 100.0, "percent_covered_display": "100", "missing_lines": 0, "excluded_lines": 0, "num_branches": 0, "num_partial_branches": 0, "covered_branches": 0, "missing_branches": 0}, "missing_lines": [], "excluded_lines": [], "executed_branches": [], "missing_branches": [], "functions": {"": {"executed_lines": [], "summary": {"covered_lines": 0, "num_statements": 0, "percent_covered": 100.0, "percent_covered_display": "100", "missing_lines": 0, "excluded_lines": 0, "num_branches": 0, "num_partial_branches": 0, "covered_branches": 0, "missing_branches": 0}, "missing_lines": [], "excluded_lines": [], "executed_branches": [], "missing_branches": []}}, "classes": {"": {"executed_lines": [], "summary": {"covered_lines": 0, "num_statements": 0, "percent_covered": 100.0, "percent_covered_display": "100", "missing_lines": 0, "excluded_lines": 0, "num_branches": 0, "num_partial_branches": 0, "covered_branches": 0, "missing_branches": 0}, "missing_lines": [], "excluded_lines": [], "executed_branches": [], "missing_branches": []}}}, "projects/can_data_platform/src/ingest/__init__.py": {"executed_lines": [], "summary": {"covered_lines": 0, "num_statements": 0, "percent_covered": 100.0, "percent_covered_display": "100", "missing_lines": 0, "excluded_lines": 0, "num_branches": 0, "num_partial_branches": 0, "covered_branches": 0, "missing_branches": 0}, "missing_lines": [], "excluded_lines": [], "executed_branches": [], "missing_branches": [], "functions": {"": {"executed_lines": [], "summary": {"covered_lines": 0, "num_statements": 0, "percent_covered": 100.0, "percent_covered_display": "100", "missing_lines": 0, "excluded_lines": 0, "num_branches": 0, "num_partial_branches": 0, "covered_branches": 0, "missing_branches": 0}, "missing_lines": [], "excluded_lines": [], "executed_branches": [], "missing_branches": []}}, "classes": {"": {"executed_lines": [], "summary": {"covered_lines": 0, "num_statements": 0, "percent_covered": 100.0, "percent_covered_display": "100", "missing_lines": 0, "excluded_lines": 0, "num_branches": 0, "num_partial_branches": 0, "covered_branches": 0, "missing_branches": 0}, "missing_lines": [], "excluded_lines": [], "executed_branches": [], "missing_branches": []}}}, "projects/can_data_platform/src/utils/__init__.py": {"executed_lines": [], "summary": {"covered_lines": 0, "num_statements": 0, "percent_covered": 100.0, "percent_covered_display": "100", "missing_lines": 0, "excluded_lines": 0, "num_branches": 0, "num_partial_branches": 0, "covered_branches": 0, "missing_branches": 0}, "missing_lines": [], "excluded_lines": [], "executed_branches": [], "missing_branches": [], "functions": {"": {"executed_lines": [], "summary": {"covered_lines": 0, "num_statements": 0, "percent_covered": 100.0, "percent_covered_display": "100", "missing_lines": 0, "excluded_lines": 0, "num_branches": 0, "num_partial_branches": 0, "covered_branches": 0, "missing_branches": 0}, "missing_lines": [], "excluded_lines": [], "executed_branches": [], "missing_branches": []}}, "classes": {"": {"executed_lines": [], "summary": {"covered_lines": 0, "num_statements": 0, "percent_covered": 100.0, "percent_covered_display": "100", "missing_lines": 0, "excluded_lines": 0, "num_branches": 0, "num_partial_branches": 0, "covered_branches": 0, "missing_branches": 0}, "missing_lines": [], "excluded_lines": [], "executed_branches": [], "missing_branches": []}}}, "projects/can_data_platform/src/utils/config.py": {"executed_lines": [], "summary": {"covered_lines": 0, "num_statements": 9, "percent_covered": 0.0, "percent_covered_display": "0", "missing_lines": 9, "excluded_lines": 0, "num_branches": 0, "num_partial_branches": 0, "covered_branches": 0, "missing_branches": 0}, "missing_lines": [5, 7, 9, 10, 11, 12, 14, 16, 17], "excluded_lines": [], "executed_branches": [], "missing_branches": [], "functions": {"": {"executed_lines": [], "summary": {"covered_lines": 0, "num_statements": 9, "percent_covered": 0.0, "percent_covered_display": "0", "missing_lines": 9, "excluded_lines": 0, "num_branches": 0, "num_partial_branches": 0, "covered_branches": 0, "missing_branches": 0}, "missing_lines": [5, 7, 9, 10, 11, 12, 14, 16, 17], "excluded_lines": [], "executed_branches": [], "missing_branches": []}}, "classes": {"": {"executed_lines": [], "summary": {"covered_lines": 0, "num_statements": 9, "percent_covered": 0.0, "percent_covered_display": "0", "missing_lines": 9, "excluded_lines": 0, "num_branches": 0, "num_partial_branches": 0, "covered_branches": 0, "missing_branches": 0}, "missing_lines": [5, 7, 9, 10, 11, 12, 14, 16, 17], "excluded_lines": [], "executed_branches": [], "missing_branches": []}}}, "tests/__init__.py": {"executed_lines": [1, 6], "summary": {"covered_lines": 1, "num_statements": 1, "percent_covered": 100.0, "percent_covered_display": "100", "missing_lines": 0, "excluded_lines": 0, "num_branches": 0, "num_partial_branches": 0, "covered_branches": 0, "missing_branches": 0}, "missing_lines": [], "excluded_lines": [], "executed_branches": [], "missing_branches": [], "functions": {"": {"executed_lines": [1, 6], "summary": {"covered_lines": 1, "num_statements": 1, "percent_covered": 100.0, "percent_covered_display": "100", "missing_lines": 0, "excluded_lines": 0, "num_branches": 0, "num_partial_branches": 0, "covered_branches": 0, "missing_branches": 0}, "missing_lines": [], "excluded_lines": [], "executed_branches": [], "missing_branches": []}}, "classes": {"": {"executed_lines": [1, 6], "summary": {"covered_lines": 1, "num_statements": 1, "percent_covered": 100.0, "percent_covered_display": "100", "missing_lines": 0, "excluded_lines": 0, "num_branches": 0, "num_partial_branches": 0, "covered_branches": 0, "missing_branches": 0}, "missing_lines": [], "excluded_lines": [], "executed_branches": [], "missing_branches": []}}}, "tests/unit/__init__.py": {"executed_lines": [1, 6], "summary": {"covered_lines": 1, "num_statements": 1, "percent_covered": 100.0, "percent_covered_display": "100", "missing_lines": 0, "excluded_lines": 0, "num_branches": 0, "num_partial_branches": 0, "covered_branches": 0, "missing_branches": 0}, "missing_lines": [], "excluded_lines": [], "executed_branches": [], "missing_branches": [], "functions": {"": {"executed_lines": [1, 6], "summary": {"covered_lines": 1, "num_statements": 1, "percent_covered": 100.0, "percent_covered_display": "100", "missing_lines": 0, "excluded_lines": 0, "num_branches": 0, "num_partial_branches": 0, "covered_branches": 0, "missing_branches": 0}, "missing_lines": [], "excluded_lines": [], "executed_branches": [], "missing_branches": []}}, "classes": {"": {"executed_lines": [1, 6], "summary": {"covered_lines": 1, "num_statements": 1, "percent_covered": 100.0, "percent_covered_display": "100", "missing_lines": 0, "excluded_lines": 0, "num_branches": 0, "num_partial_branches": 0, "covered_branches": 0, "missing_branches": 0}, "missing_lines": [], "excluded_lines": [], "executed_branches": [], "missing_branches": []}}}, "tests/unit/conftest.py": {"executed_lines": [1, 6, 7, 8, 10, 13, 14, 32, 33, 46, 47, 73, 74], "summary": {"covered_lines": 12, "num_statements": 22, "percent_covered": 46.15384615384615, "percent_covered_display": "46", "missing_lines": 10, "excluded_lines": 0, "num_branches": 4, "num_partial_branches": 0, "covered_branches": 0, "missing_branches": 4}, "missing_lines": [20, 39, 57, 62, 63, 64, 66, 69, 70, 80], "excluded_lines": [], "executed_branches": [], "missing_branches": [[62, 63], [62, 64], [69, -46], [69, 70]], "functions": {"sample_battery_event": {"executed_lines": [], "summary": {"covered_lines": 0, "num_statements": 1, "percent_covered": 0.0, "percent_covered_display": "0", "missing_lines": 1, "excluded_lines": 0, "num_branches": 0, "num_partial_branches": 0, "covered_branches": 0, "missing_branches": 0}, "missing_lines": [20], "excluded_lines": [], "executed_branches": [], "missing_branches": []}, "sample_events_list": {"executed_lines": [], "summary": {"covered_lines": 0, "num_statements": 1, "percent_covered": 0.0, "percent_covered_display": "0", "missing_lines": 1, "excluded_lines": 0, "num_branches": 0, "num_partial_branches": 0, "covered_branches": 0, "missing_branches": 0}, "missing_lines": [39], "excluded_lines": [], "executed_branches": [], "missing_branches": []}, "temp_jsonl_file": {"executed_lines": [], "summary": {"covered_lines": 0, "num_statements": 7, "percent_covered": 0.0, "percent_covered_display": "0", "missing_lines": 7, "excluded_lines": 0, "num_branches": 4, "num_partial_branches": 0, "covered_branches": 0, "missing_branches": 4}, "missing_lines": [57, 62, 63, 64, 66, 69, 70], "excluded_lines": [], "executed_branches": [], "missing_branches": [[62, 63], [62, 64], [69, -46], [69, 70]]}, "mock_endpoint": {"executed_lines": [], "summary": {"covered_lines": 0, "num_statements": 1, "percent_covered": 0.0, "percent_covered_display": "0", "missing_lines": 1, "excluded_lines": 0, "num_branches": 0, "num_partial_branches": 0, "covered_branches": 0, "missing_branches": 0}, "missing_lines": [80], "excluded_lines": [], "executed_branches": [], "missing_branches": []}, "": {"executed_lines": [1, 6, 7, 8, 10, 13, 14, 32, 33, 46, 47, 73, 74], "summary": {"covered_lines": 12, "num_statements": 12, "percent_covered": 100.0, "percent_covered_display": "100", "missing_lines": 0, "excluded_lines": 0, "num_branches": 0, "num_partial_branches": 0, "covered_branches": 0, "missing_branches": 0}, "missing_lines": [], "excluded_lines": [], "executed_branches": [], "missing_branches": []}}, "classes": {"": {"executed_lines": [1, 6, 7, 8, 10, 13, 14, 32, 33, 46, 47, 73, 74], "summary": {"covered_lines": 12, "num_statements": 22, "percent_covered": 46.15384615384615, "percent_covered_display": "46", "missing_lines": 10, "excluded_lines": 0, "num_branches": 4, "num_partial_branches": 0, "covered_branches": 0, "missing_branches": 4}, "missing_lines": [20, 39, 57, 62, 63, 64, 66, 69, 70, 80], "excluded_lines": [], "executed_branches": [], "missing_branches": [[62, 63], [62, 64], [69, -46], [69, 70]]}}}, "tests/unit/test_gen_sample_events.py": {"executed_lines": [1, 7, 8, 9, 10, 16, 17, 19, 21, 22, 23, 24, 25, 26, 27, 28, 29, 30, 31, 32, 33, 34, 36, 38, 39, 40, 41, 42, 43, 45, 47, 48, 49, 51, 52, 53, 54, 55, 57, 59, 60, 61, 66, 67, 68, 69, 70, 71, 72, 74, 76, 77, 78, 82, 83, 84, 85, 87, 89, 90, 91, 92, 93, 95, 97, 98, 99, 101, 103, 104, 105, 107, 109, 110, 111, 113, 115, 116, 117, 121, 122, 123, 125, 126, 132, 137, 138, 139, 142, 146, 147, 148, 150, 152, 153, 154, 155, 157, 159, 160, 161, 164, 165, 167, 168, 169, 170, 172, 175, 176, 177, 178, 179, 180, 182, 183, 184, 185, 187, 190, 191, 194, 195, 196, 198, 199, 200, 201, 202, 203, 204, 205, 206, 207, 209, 210, 211, 212, 214, 215, 216, 217, 218, 220, 221, 222, 223, 225, 226, 227, 228, 230, 231, 232, 233, 235, 236, 237, 238, 241], "summary": {"covered_lines": 156, "num_statements": 156, "percent_covered": 99.46808510638297, "percent_covered_display": "99", "missing_lines": 0, "excluded_lines": 2, "num_branches": 32, "num_partial_branches": 1, "covered_branches": 31, "missing_branches": 1}, "missing_lines": [], "excluded_lines": [241, 242], "executed_branches": [[25, -19], [25, 26], [42, -36], [42, 43], [52, -45], [52, 53], [53, 52], [53, 54], [60, -57], [60, 61], [66, 67], [66, 68], [77, -74], [77, 78], [90, 91], [92, -87], [92, 93], [116, -113], [116, 117], [121, 116], [121, 122], [147, -142], [147, 148], [153, -150], [153, 154], [154, 153], [154, 155], [160, -157], [160, 161], [202, -194], [202, 203]], "missing_branches": [[90, -87]], "functions": {"TestGenerateEvents.test_generate_events_default_parameters": {"executed_lines": [21, 22, 23, 24, 25, 26, 27, 28, 29, 30, 31, 32, 33, 34], "summary": {"covered_lines": 14, "num_statements": 14, "percent_covered": 100.0, "percent_covered_display": "100", "missing_lines": 0, "excluded_lines": 0, "num_branches": 2, "num_partial_branches": 0, "covered_branches": 2, "missing_branches": 0}, "missing_lines": [], "excluded_lines": [], "executed_branches": [[25, -19], [25, 26]], "missing_branches": []}, "TestGenerateEvents.test_generate_events_custom_modules": {"executed_lines": [38, 39, 40, 41, 42, 43], "summary": {"covered_lines": 6, "num_statements": 6, "percent_covered": 100.0, "percent_covered_display": "100", "missing_lines": 0, "excluded_lines": 0, "num_branches": 2, "num_partial_branches": 0, "covered_branches": 2, "missing_branches": 0}, "missing_lines": [], "excluded_lines": [], "executed_branches": [[42, -36], [42, 43]], "missing_branches": []}, "TestGenerateEvents.test_generate_events_custom_offset_range": {"executed_lines": [47, 48, 49, 51, 52, 53, 54, 55], "summary": {"covered_lines": 8, "num_statements": 8, "percent_covered": 100.0, "percent_covered_display": "100", "missing_lines": 0, "excluded_lines": 0, "num_branches": 4, "num_partial_branches": 0, "covered_branches": 4, "missing_branches": 0}, "missing_lines": [], "excluded_lines": [], "executed_branches": [[52, -45], [52, 53], [53, 52], [53, 54]], "missing_branches": []}, "TestGenerateEvents.test_event_structure_validation": {"executed_lines": [59, 60, 61, 66, 67, 68, 69, 70, 71, 72], "summary": {"covered_lines": 10, "num_statements": 10, "percent_covered": 100.0, "percent_covered_display": "100", "missing_lines": 0, "excluded_lines": 0, "num_branches": 4, "num_partial_branches": 0, "covered_branches": 4, "missing_branches": 0}, "missing_lines": [], "excluded_lines": [], "executed_branches": [[60, -57], [60, 61], [66, 67], [66, 68]], "missing_branches": []}, "TestGenerateEvents.test_min_max_avg_calculations": {"executed_lines": [76, 77, 78, 82, 83, 84, 85], "summary": {"covered_lines": 7, "num_statements": 7, "percent_covered": 100.0, "percent_covered_display": "100", "missing_lines": 0, "excluded_lines": 0, "num_branches": 2, "num_partial_branches": 0, "covered_branches": 2, "missing_branches": 0}, "missing_lines": [], "excluded_lines": [], "executed_branches": [[77, -74], [77, 78]], "missing_branches": []}, "TestGenerateEvents.test_module_offsets_consistency": {"executed_lines": [89, 90, 91, 92, 93], "summary": {"covered_lines": 5, "num_statements": 5, "percent_covered": 88.88888888888889, "percent_covered_display": "89", "missing_lines": 0, "excluded_lines": 0, "num_branches": 4, "num_partial_branches": 1, "covered_branches": 3, "missing_branches": 1}, "missing_lines": [], "excluded_lines": [], "executed_branches": [[90, 91], [92, -87], [92, 93]], "missing_branches": [[90, -87]]}, "TestGenerateEvents.test_zero_events": {"executed_lines": [97, 98, 99], "summary": {"covered_lines": 3, "num_statements": 3, "percent_covered": 100.0, "percent_covered_display": "100", "missing_lines": 0, "excluded_lines": 0, "num_branches": 0, "num_partial_branches": 0, "covered_branches": 0, "missing_branches": 0}, "missing_lines": [], "excluded_lines": [], "executed_branches": [], "missing_branches": []}, "TestGenerateEvents.test_single_event": {"executed_lines": [103, 104, 105], "summary": {"covered_lines": 3, "num_statements": 3, "percent_covered": 100.0, "percent_covered_display": "100", "missing_lines": 0, "excluded_lines": 0, "num_branches": 0, "num_partial_branches": 0, "covered_branches": 0, "missing_branches": 0}, "missing_lines": [], "excluded_lines": [], "executed_branches": [], "missing_branches": []}, "TestGenerateEvents.test_large_number_of_events": {"executed_lines": [109, 110, 111], "summary": {"covered_lines": 3, "num_statements": 3, "percent_covered": 100.0, "percent_covered_display": "100", "missing_lines": 0, "excluded_lines": 0, "num_branches": 0, "num_partial_branches": 0, "covered_branches": 0, "missing_branches": 0}, "missing_lines": [], "excluded_lines": [], "executed_branches": [], "missing_branches": []}, "TestGenerateEvents.test_voltage_range_validity": {"executed_lines": [115, 116, 117, 121, 122, 123], "summary": {"covered_lines": 6, "num_statements": 6, "percent_covered": 100.0, "percent_covered_display": "100", "missing_lines": 0, "excluded_lines": 0, "num_branches": 4, "num_partial_branches": 0, "covered_branches": 4, "missing_branches": 0}, "missing_lines": [], "excluded_lines": [], "executed_branches": [[116, -113], [116, 117], [121, 116], [121, 122]], "missing_branches": []}, "TestGenerateEvents.test_generate_events_with_fixed_random": {"executed_lines": [132, 137, 138, 139], "summary": {"covered_lines": 4, "num_statements": 4, "percent_covered": 100.0, "percent_covered_display": "100", "missing_lines": 0, "excluded_lines": 0, "num_branches": 0, "num_partial_branches": 0, "covered_branches": 0, "missing_branches": 0}, "missing_lines": [], "excluded_lines": [], "executed_branches": [], "missing_branches": []}, "TestGenerateEvents.test_generate_events_single_module": {"executed_lines": [146, 147, 148], "summary": {"covered_lines": 3, "num_statements": 3, "percent_covered": 100.0, "percent_covered_display": "100", "missing_lines": 0, "excluded_lines": 0, "num_branches": 2, "num_partial_branches": 0, "covered_branches": 2, "missing_branches": 0}, "missing_lines": [], "excluded_lines": [], "executed_branches": [[147, -142], [147, 148]], "missing_branches": []}, "TestGenerateEvents.test_generate_events_zero_offset_range": {"executed_lines": [152, 153, 154, 155], "summary": {"covered_lines": 4, "num_statements": 4, "percent_covered": 100.0, "percent_covered_display": "100", "missing_lines": 0, "excluded_lines": 0, "num_branches": 4, "num_partial_branches": 0, "covered_branches": 4, "missing_branches": 0}, "missing_lines": [], "excluded_lines": [], "executed_branches": [[153, -150], [153, 154], [154, 153], [154, 155]], "missing_branches": []}, "TestGenerateEvents.test_generate_events_many_modules": {"executed_lines": [159, 160, 161], "summary": {"covered_lines": 3, "num_statements": 3, "percent_covered": 100.0, "percent_covered_display": "100", "missing_lines": 0, "excluded_lines": 0, "num_branches": 2, "num_partial_branches": 0, "covered_branches": 2, "missing_branches": 0}, "missing_lines": [], "excluded_lines": [], "executed_branches": [[160, -157], [160, 161]], "missing_branches": []}, "TestMain.test_main_default_arguments": {"executed_lines": [172, 175, 176, 177, 178, 179, 180], "summary": {"covered_lines": 7, "num_statements": 7, "percent_covered": 100.0, "percent_covered_display": "100", "missing_lines": 0, "excluded_lines": 0, "num_branches": 0, "num_partial_branches": 0, "covered_branches": 0, "missing_branches": 0}, "missing_lines": [], "excluded_lines": [], "executed_branches": [], "missing_branches": []}, "TestMain.test_main_custom_arguments": {"executed_lines": [187, 190, 191], "summary": {"covered_lines": 3, "num_statements": 3, "percent_covered": 100.0, "percent_covered_display": "100", "missing_lines": 0, "excluded_lines": 0, "num_branches": 0, "num_partial_branches": 0, "covered_branches": 0, "missing_branches": 0}, "missing_lines": [], "excluded_lines": [], "executed_branches": [], "missing_branches": []}, "TestMain.test_main_jsonl_format": {"executed_lines": [198, 199, 200, 201, 202, 203, 204, 205, 206, 207], "summary": {"covered_lines": 10, "num_statements": 10, "percent_covered": 100.0, "percent_covered_display": "100", "missing_lines": 0, "excluded_lines": 0, "num_branches": 2, "num_partial_branches": 0, "covered_branches": 2, "missing_branches": 0}, "missing_lines": [], "excluded_lines": [], "executed_branches": [[202, -194], [202, 203]], "missing_branches": []}, "TestMain.test_main_zero_events": {"executed_lines": [214, 215, 216, 217, 218], "summary": {"covered_lines": 5, "num_statements": 5, "percent_covered": 100.0, "percent_covered_display": "100", "missing_lines": 0, "excluded_lines": 0, "num_branches": 0, "num_partial_branches": 0, "covered_branches": 0, "missing_branches": 0}, "missing_lines": [], "excluded_lines": [], "executed_branches": [], "missing_branches": []}, "TestMain.test_main_single_event": {"executed_lines": [225, 226, 227, 228], "summary": {"covered_lines": 4, "num_statements": 4, "percent_covered": 100.0, "percent_covered_display": "100", "missing_lines": 0, "excluded_lines": 0, "num_branches": 0, "num_partial_branches": 0, "covered_branches": 0, "missing_branches": 0}, "missing_lines": [], "excluded_lines": [], "executed_branches": [], "missing_branches": []}, "TestMain.test_main_many_events": {"executed_lines": [235, 236, 237, 238], "summary": {"covered_lines": 4, "num_statements": 4, "percent_covered": 100.0, "percent_covered_display": "100", "missing_lines": 0, "excluded_lines": 0, "num_branches": 0, "num_partial_branches": 0, "covered_branches": 0, "missing_branches": 0}, "missing_lines": [], "excluded_lines": [], "executed_branches": [], "missing_branches": []}, "": {"executed_lines": [1, 7, 8, 9, 10, 16, 17, 19, 36, 45, 57, 74, 87, 95, 101, 107, 113, 125, 126, 142, 150, 157, 164, 165, 167, 168, 169, 170, 182, 183, 184, 185, 194, 195, 196, 209, 210, 211, 212, 220, 221, 222, 223, 230, 231, 232, 233, 241], "summary": {"covered_lines": 44, "num_statements": 44, "percent_covered": 100.0, "percent_covered_display": "100", "missing_lines": 0, "excluded_lines": 2, "num_branches": 0, "num_partial_branches": 0, "covered_branches": 0, "missing_branches": 0}, "missing_lines": [], "excluded_lines": [241, 242], "executed_branches": [], "missing_branches": []}}, "classes": {"TestGenerateEvents": {"executed_lines": [21, 22, 23, 24, 25, 26, 27, 28, 29, 30, 31, 32, 33, 34, 38, 39, 40, 41, 42, 43, 47, 48, 49, 51, 52, 53, 54, 55, 59, 60, 61, 66, 67, 68, 69, 70, 71, 72, 76, 77, 78, 82, 83, 84, 85, 89, 90, 91, 92, 93, 97, 98, 99, 103, 104, 105, 109, 110, 111, 115, 116, 117, 121, 122, 123, 132, 137, 138, 139, 146, 147, 148, 152, 153, 154, 155, 159, 160, 161], "summary": {"covered_lines": 79, "num_statements": 79, "percent_covered": 99.08256880733946, "percent_covered_display": "99", "missing_lines": 0, "excluded_lines": 0, "num_branches": 30, "num_partial_branches": 1, "covered_branches": 29, "missing_branches": 1}, "missing_lines": [], "excluded_lines": [], "executed_branches": [[25, -19], [25, 26], [42, -36], [42, 43], [52, -45], [52, 53], [53, 52], [53, 54], [60, -57], [60, 61], [66, 67], [66, 68], [77, -74], [77, 78], [90, 91], [92, -87], [92, 93], [116, -113], [116, 117], [121, 116], [121, 122], [147, -142], [147, 148], [153, -150], [153, 154], [154, 153], [154, 155], [160, -157], [160, 161]], "missing_branches": [[90, -87]]}, "TestMain": {"executed_lines": [172, 175, 176, 177, 178, 179, 180, 187, 190, 191, 198, 199, 200, 201, 202, 203, 204, 205, 206, 207, 214, 215, 216, 217, 218, 225, 226, 227, 228, 235, 236, 237, 238], "summary": {"covered_lines": 33, "num_statements": 33, "percent_covered": 100.0, "percent_covered_display": "100", "missing_lines": 0, "excluded_lines": 0, "num_branches": 2, "num_partial_branches": 0, "covered_branches": 2, "missing_branches": 0}, "missing_lines": [], "excluded_lines": [], "executed_branches": [[202, -194], [202, 203]], "missing_branches": []}, "": {"executed_lines": [1, 7, 8, 9, 10, 16, 17, 19, 36, 45, 57, 74, 87, 95, 101, 107, 113, 125, 126, 142, 150, 157, 164, 165, 167, 168, 169, 170, 182, 183, 184, 185, 194, 195, 196, 209, 210, 211, 212, 220, 221, 222, 223, 230, 231, 232, 233, 241], "summary": {"covered_lines": 44, "num_statements": 44, "percent_covered": 100.0, "percent_covered_display": "100", "missing_lines": 0, "excluded_lines": 2, "num_branches": 0, "num_partial_branches": 0, "covered_branches": 0, "missing_branches": 0}, "missing_lines": [], "excluded_lines": [241, 242], "executed_branches": [], "missing_branches": []}}}, "tests/unit/test_issue_deployer.py": {"executed_lines": [1, 7, 8, 9, 10, 12, 13, 16, 20, 23, 24, 26, 27, 35, 36, 38, 51, 53, 57, 58, 59, 61, 62, 64, 66, 74, 76, 78, 82, 83, 84, 86, 87, 88, 89, 91, 92, 98, 99, 101, 103, 108, 110, 111, 112, 113, 116, 117, 119, 120, 122, 135, 136, 138, 143, 145, 147, 148, 151, 152, 153, 155, 157, 159, 160, 163, 164, 166, 168, 169, 170, 172, 174, 175, 176, 179, 180, 182, 184, 185, 186, 188, 190, 191, 192, 194, 196, 197, 198, 200, 202, 203, 204, 206, 208, 209, 210, 212, 214, 215, 216, 218, 220, 221, 222, 225, 226, 228, 229, 237, 238, 240, 253, 255, 259, 260, 261, 263, 265, 266, 268, 270, 271, 272, 274, 276, 278, 282, 283, 284, 286, 288, 291, 292, 293, 295, 297, 301, 302, 303, 305, 306, 307, 309, 311, 313, 317, 318, 319, 322, 323, 325, 326, 334, 336, 337, 338, 339, 341, 342, 345, 347, 351, 352, 353, 354, 355, 356, 357, 359, 361, 362, 364, 365, 367, 368, 370, 372, 376, 377, 378, 379, 380, 381, 382, 384, 386, 388, 389, 391, 393, 396, 397, 399, 400, 414, 416, 417, 418, 420, 422, 426, 430, 432, 434, 438, 439, 442, 443, 445, 447, 448, 450, 452, 462, 463, 464, 465, 466, 467, 470], "summary": {"covered_lines": 211, "num_statements": 222, "percent_covered": 95.17543859649123, "percent_covered_display": "95", "missing_lines": 11, "excluded_lines": 2, "num_branches": 6, "num_partial_branches": 0, "covered_branches": 6, "missing_branches": 0}, "missing_lines": [29, 33, 231, 235, 328, 332, 405, 407, 408, 411, 412], "excluded_lines": [470, 471], "executed_branches": [[270, 271], [270, 274], [291, -276], [291, 292], [462, -450], [462, 463]], "missing_branches": [], "functions": {"TestFetchMilestones.mock_env_vars": {"executed_lines": [], "summary": {"covered_lines": 0, "num_statements": 2, "percent_covered": 0.0, "percent_covered_display": "0", "missing_lines": 2, "excluded_lines": 0, "num_branches": 0, "num_partial_branches": 0, "covered_branches": 0, "missing_branches": 0}, "missing_lines": [29, 33], "excluded_lines": [], "executed_branches": [], "missing_branches": []}, "TestFetchMilestones.sample_milestones": {"executed_lines": [38], "summary": {"covered_lines": 1, "num_statements": 1, "percent_covered": 100.0, "percent_covered_display": "100", "missing_lines": 0, "excluded_lines": 0, "num_branches": 0, "num_partial_branches": 0, "covered_branches": 0, "missing_branches": 0}, "missing_lines": [], "excluded_lines": [], "executed_branches": [], "missing_branches": []}, "TestFetchMilestones.test_fetch_milestones_success": {"executed_lines": [53, 57, 58, 59, 61, 62, 64, 66, 74], "summary": {"covered_lines": 9, "num_statements": 9, "percent_covered": 100.0, "percent_covered_display": "100", "missing_lines": 0, "excluded_lines": 0, "num_branches": 0, "num_partial_branches": 0, "covered_branches": 0, "missing_branches": 0}, "missing_lines": [], "excluded_lines": [], "executed_branches": [], "missing_branches": []}, "TestFetchMilestones.test_fetch_milestones_failure": {"executed_lines": [78, 82, 83, 84, 86, 87, 88, 89, 91, 92], "summary": {"covered_lines": 10, "num_statements": 10, "percent_covered": 100.0, "percent_covered_display": "100", "missing_lines": 0, "excluded_lines": 0, "num_branches": 0, "num_partial_branches": 0, "covered_branches": 0, "missing_branches": 0}, "missing_lines": [], "excluded_lines": [], "executed_branches": [], "missing_branches": []}, "TestDisplayMilestones.test_display_milestones": {"executed_lines": [103, 108, 110, 111, 112, 113], "summary": {"covered_lines": 6, "num_statements": 6, "percent_covered": 100.0, "percent_covered_display": "100", "missing_lines": 0, "excluded_lines": 0, "num_branches": 0, "num_partial_branches": 0, "covered_branches": 0, "missing_branches": 0}, "missing_lines": [], "excluded_lines": [], "executed_branches": [], "missing_branches": []}, "TestLoadIssuesFromJson.sample_issues": {"executed_lines": [122], "summary": {"covered_lines": 1, "num_statements": 1, "percent_covered": 100.0, "percent_covered_display": "100", "missing_lines": 0, "excluded_lines": 0, "num_branches": 0, "num_partial_branches": 0, "covered_branches": 0, "missing_branches": 0}, "missing_lines": [], "excluded_lines": [], "executed_branches": [], "missing_branches": []}, "TestLoadIssuesFromJson.sample_json_data": {"executed_lines": [138], "summary": {"covered_lines": 1, "num_statements": 1, "percent_covered": 100.0, "percent_covered_display": "100", "missing_lines": 0, "excluded_lines": 0, "num_branches": 0, "num_partial_branches": 0, "covered_branches": 0, "missing_branches": 0}, "missing_lines": [], "excluded_lines": [], "executed_branches": [], "missing_branches": []}, "TestLoadIssuesFromJson.test_load_issues_from_json_with_milestone": {"executed_lines": [145, 147, 148, 151, 152, 153], "summary": {"covered_lines": 6, "num_statements": 6, "percent_covered": 100.0, "percent_covered_display": "100", "missing_lines": 0, "excluded_lines": 0, "num_branches": 0, "num_partial_branches": 0, "covered_branches": 0, "missing_branches": 0}, "missing_lines": [], "excluded_lines": [], "executed_branches": [], "missing_branches": []}, "TestLoadIssuesFromJson.test_load_issues_from_json_without_milestone": {"executed_lines": [157, 159, 160, 163, 164], "summary": {"covered_lines": 5, "num_statements": 5, "percent_covered": 100.0, "percent_covered_display": "100", "missing_lines": 0, "excluded_lines": 0, "num_branches": 0, "num_partial_branches": 0, "covered_branches": 0, "missing_branches": 0}, "missing_lines": [], "excluded_lines": [], "executed_branches": [], "missing_branches": []}, "TestLoadIssuesFromJson.test_load_issues_from_json_file_not_found": {"executed_lines": [168, 169, 170], "summary": {"covered_lines": 3, "num_statements": 3, "percent_covered": 100.0, "percent_covered_display": "100", "missing_lines": 0, "excluded_lines": 0, "num_branches": 0, "num_partial_branches": 0, "covered_branches": 0, "missing_branches": 0}, "missing_lines": [], "excluded_lines": [], "executed_branches": [], "missing_branches": []}, "TestLoadIssuesFromJson.test_load_issues_from_json_invalid_json": {"executed_lines": [174, 175, 176], "summary": {"covered_lines": 3, "num_statements": 3, "percent_covered": 100.0, "percent_covered_display": "100", "missing_lines": 0, "excluded_lines": 0, "num_branches": 0, "num_partial_branches": 0, "covered_branches": 0, "missing_branches": 0}, "missing_lines": [], "excluded_lines": [], "executed_branches": [], "missing_branches": []}, "TestUserInteractions.test_get_milestone_assignment_valid_number": {"executed_lines": [184, 185, 186], "summary": {"covered_lines": 3, "num_statements": 3, "percent_covered": 100.0, "percent_covered_display": "100", "missing_lines": 0, "excluded_lines": 0, "num_branches": 0, "num_partial_branches": 0, "covered_branches": 0, "missing_branches": 0}, "missing_lines": [], "excluded_lines": [], "executed_branches": [], "missing_branches": []}, "TestUserInteractions.test_get_milestone_assignment_empty_input": {"executed_lines": [190, 191, 192], "summary": {"covered_lines": 3, "num_statements": 3, "percent_covered": 100.0, "percent_covered_display": "100", "missing_lines": 0, "excluded_lines": 0, "num_branches": 0, "num_partial_branches": 0, "covered_branches": 0, "missing_branches": 0}, "missing_lines": [], "excluded_lines": [], "executed_branches": [], "missing_branches": []}, "TestUserInteractions.test_get_milestone_assignment_non_numeric": {"executed_lines": [196, 197, 198], "summary": {"covered_lines": 3, "num_statements": 3, "percent_covered": 100.0, "percent_covered_display": "100", "missing_lines": 0, "excluded_lines": 0, "num_branches": 0, "num_partial_branches": 0, "covered_branches": 0, "missing_branches": 0}, "missing_lines": [], "excluded_lines": [], "executed_branches": [], "missing_branches": []}, "TestUserInteractions.test_confirm_deployment_yes": {"executed_lines": [202, 203, 204], "summary": {"covered_lines": 3, "num_statements": 3, "percent_covered": 100.0, "percent_covered_display": "100", "missing_lines": 0, "excluded_lines": 0, "num_branches": 0, "num_partial_branches": 0, "covered_branches": 0, "missing_branches": 0}, "missing_lines": [], "excluded_lines": [], "executed_branches": [], "missing_branches": []}, "TestUserInteractions.test_confirm_deployment_yes_lowercase": {"executed_lines": [208, 209, 210], "summary": {"covered_lines": 3, "num_statements": 3, "percent_covered": 100.0, "percent_covered_display": "100", "missing_lines": 0, "excluded_lines": 0, "num_branches": 0, "num_partial_branches": 0, "covered_branches": 0, "missing_branches": 0}, "missing_lines": [], "excluded_lines": [], "executed_branches": [], "missing_branches": []}, "TestUserInteractions.test_confirm_deployment_no": {"executed_lines": [214, 215, 216], "summary": {"covered_lines": 3, "num_statements": 3, "percent_covered": 100.0, "percent_covered_display": "100", "missing_lines": 0, "excluded_lines": 0, "num_branches": 0, "num_partial_branches": 0, "covered_branches": 0, "missing_branches": 0}, "missing_lines": [], "excluded_lines": [], "executed_branches": [], "missing_branches": []}, "TestUserInteractions.test_confirm_deployment_empty": {"executed_lines": [220, 221, 222], "summary": {"covered_lines": 3, "num_statements": 3, "percent_covered": 100.0, "percent_covered_display": "100", "missing_lines": 0, "excluded_lines": 0, "num_branches": 0, "num_partial_branches": 0, "covered_branches": 0, "missing_branches": 0}, "missing_lines": [], "excluded_lines": [], "executed_branches": [], "missing_branches": []}, "TestDeployIssues.mock_env_vars": {"executed_lines": [], "summary": {"covered_lines": 0, "num_statements": 2, "percent_covered": 0.0, "percent_covered_display": "0", "missing_lines": 2, "excluded_lines": 0, "num_branches": 0, "num_partial_branches": 0, "covered_branches": 0, "missing_branches": 0}, "missing_lines": [231, 235], "excluded_lines": [], "executed_branches": [], "missing_branches": []}, "TestDeployIssues.sample_issues": {"executed_lines": [240], "summary": {"covered_lines": 1, "num_statements": 1, "percent_covered": 100.0, "percent_covered_display": "100", "missing_lines": 0, "excluded_lines": 0, "num_branches": 0, "num_partial_branches": 0, "covered_branches": 0, "missing_branches": 0}, "missing_lines": [], "excluded_lines": [], "executed_branches": [], "missing_branches": []}, "TestDeployIssues.test_deploy_issues_success": {"executed_lines": [255, 259, 260, 261, 263, 265, 266, 268, 270, 271, 272, 274], "summary": {"covered_lines": 12, "num_statements": 12, "percent_covered": 100.0, "percent_covered_display": "100", "missing_lines": 0, "excluded_lines": 0, "num_branches": 2, "num_partial_branches": 0, "covered_branches": 2, "missing_branches": 0}, "missing_lines": [], "excluded_lines": [], "executed_branches": [[270, 271], [270, 274]], "missing_branches": []}, "TestDeployIssues.test_deploy_issues_no_milestone": {"executed_lines": [278, 282, 283, 284, 286, 288, 291, 292, 293], "summary": {"covered_lines": 9, "num_statements": 9, "percent_covered": 100.0, "percent_covered_display": "100", "missing_lines": 0, "excluded_lines": 0, "num_branches": 2, "num_partial_branches": 0, "covered_branches": 2, "missing_branches": 0}, "missing_lines": [], "excluded_lines": [], "executed_branches": [[291, -276], [291, 292]], "missing_branches": []}, "TestDeployIssues.test_deploy_issues_api_failure": {"executed_lines": [297, 301, 302, 303, 305, 306, 307, 309], "summary": {"covered_lines": 8, "num_statements": 8, "percent_covered": 100.0, "percent_covered_display": "100", "missing_lines": 0, "excluded_lines": 0, "num_branches": 0, "num_partial_branches": 0, "covered_branches": 0, "missing_branches": 0}, "missing_lines": [], "excluded_lines": [], "executed_branches": [], "missing_branches": []}, "TestDeployIssues.test_deploy_issues_network_timeout": {"executed_lines": [313, 317, 318, 319], "summary": {"covered_lines": 4, "num_statements": 4, "percent_covered": 100.0, "percent_covered_display": "100", "missing_lines": 0, "excluded_lines": 0, "num_branches": 0, "num_partial_branches": 0, "covered_branches": 0, "missing_branches": 0}, "missing_lines": [], "excluded_lines": [], "executed_branches": [], "missing_branches": []}, "TestMainFunction.mock_env_vars": {"executed_lines": [], "summary": {"covered_lines": 0, "num_statements": 2, "percent_covered": 0.0, "percent_covered_display": "0", "missing_lines": 2, "excluded_lines": 0, "num_branches": 0, "num_partial_branches": 0, "covered_branches": 0, "missing_branches": 0}, "missing_lines": [328, 332], "excluded_lines": [], "executed_branches": [], "missing_branches": []}, "TestMainFunction.test_main_missing_arguments": {"executed_lines": [336, 337, 338, 339, 341, 342], "summary": {"covered_lines": 6, "num_statements": 6, "percent_covered": 100.0, "percent_covered_display": "100", "missing_lines": 0, "excluded_lines": 0, "num_branches": 0, "num_partial_branches": 0, "covered_branches": 0, "missing_branches": 0}, "missing_lines": [], "excluded_lines": [], "executed_branches": [], "missing_branches": []}, "TestMainFunction.test_main_user_abort": {"executed_lines": [347, 351, 352, 353, 354, 355, 356, 357, 359, 361, 362, 364, 365, 367, 368], "summary": {"covered_lines": 15, "num_statements": 15, "percent_covered": 100.0, "percent_covered_display": "100", "missing_lines": 0, "excluded_lines": 0, "num_branches": 0, "num_partial_branches": 0, "covered_branches": 0, "missing_branches": 0}, "missing_lines": [], "excluded_lines": [], "executed_branches": [], "missing_branches": []}, "TestMainFunction.test_main_successful_deployment": {"executed_lines": [372, 376, 377, 378, 379, 380, 381, 382, 384, 386, 388, 389, 391, 393], "summary": {"covered_lines": 14, "num_statements": 14, "percent_covered": 100.0, "percent_covered_display": "100", "missing_lines": 0, "excluded_lines": 0, "num_branches": 0, "num_partial_branches": 0, "covered_branches": 0, "missing_branches": 0}, "missing_lines": [], "excluded_lines": [], "executed_branches": [], "missing_branches": []}, "TestConfigurationAndSetup.test_missing_environment_variables": {"executed_lines": [], "summary": {"covered_lines": 0, "num_statements": 5, "percent_covered": 0.0, "percent_covered_display": "0", "missing_lines": 5, "excluded_lines": 0, "num_branches": 0, "num_partial_branches": 0, "covered_branches": 0, "missing_branches": 0}, "missing_lines": [405, 407, 408, 411, 412], "excluded_lines": [], "executed_branches": [], "missing_branches": []}, "TestConfigurationAndSetup.test_request_timeout_configuration": {"executed_lines": [416, 417, 418], "summary": {"covered_lines": 3, "num_statements": 3, "percent_covered": 100.0, "percent_covered_display": "100", "missing_lines": 0, "excluded_lines": 0, "num_branches": 0, "num_partial_branches": 0, "covered_branches": 0, "missing_branches": 0}, "missing_lines": [], "excluded_lines": [], "executed_branches": [], "missing_branches": []}, "TestConfigurationAndSetup.test_headers_configuration": {"executed_lines": [422, 426, 430], "summary": {"covered_lines": 3, "num_statements": 3, "percent_covered": 100.0, "percent_covered_display": "100", "missing_lines": 0, "excluded_lines": 0, "num_branches": 0, "num_partial_branches": 0, "covered_branches": 0, "missing_branches": 0}, "missing_lines": [], "excluded_lines": [], "executed_branches": [], "missing_branches": []}, "TestConfigurationAndSetup.test_base_url_configuration": {"executed_lines": [434, 438, 439], "summary": {"covered_lines": 3, "num_statements": 3, "percent_covered": 100.0, "percent_covered_display": "100", "missing_lines": 0, "excluded_lines": 0, "num_branches": 0, "num_partial_branches": 0, "covered_branches": 0, "missing_branches": 0}, "missing_lines": [], "excluded_lines": [], "executed_branches": [], "missing_branches": []}, "TestCodeQuality.test_module_docstring": {"executed_lines": [447, 448], "summary": {"covered_lines": 2, "num_statements": 2, "percent_covered": 100.0, "percent_covered_display": "100", "missing_lines": 0, "excluded_lines": 0, "num_branches": 0, "num_partial_branches": 0, "covered_branches": 0, "missing_branches": 0}, "missing_lines": [], "excluded_lines": [], "executed_branches": [], "missing_branches": []}, "TestCodeQuality.test_all_functions_have_docstrings": {"executed_lines": [452, 462, 463, 464, 465, 466, 467], "summary": {"covered_lines": 7, "num_statements": 7, "percent_covered": 100.0, "percent_covered_display": "100", "missing_lines": 0, "excluded_lines": 0, "num_branches": 2, "num_partial_branches": 0, "covered_branches": 2, "missing_branches": 0}, "missing_lines": [], "excluded_lines": [], "executed_branches": [[462, -450], [462, 463]], "missing_branches": []}, "": {"executed_lines": [1, 7, 8, 9, 10, 12, 13, 16, 20, 23, 24, 26, 27, 35, 36, 51, 76, 98, 99, 101, 116, 117, 119, 120, 135, 136, 143, 155, 166, 172, 179, 180, 182, 188, 194, 200, 206, 212, 218, 225, 226, 228, 229, 237, 238, 253, 276, 295, 311, 322, 323, 325, 326, 334, 345, 370, 396, 397, 399, 400, 414, 420, 432, 442, 443, 445, 450, 470], "summary": {"covered_lines": 58, "num_statements": 58, "percent_covered": 100.0, "percent_covered_display": "100", "missing_lines": 0, "excluded_lines": 2, "num_branches": 0, "num_partial_branches": 0, "covered_branches": 0, "missing_branches": 0}, "missing_lines": [], "excluded_lines": [470, 471], "executed_branches": [], "missing_branches": []}}, "classes": {"TestFetchMilestones": {"executed_lines": [38, 53, 57, 58, 59, 61, 62, 64, 66, 74, 78, 82, 83, 84, 86, 87, 88, 89, 91, 92], "summary": {"covered_lines": 20, "num_statements": 22, "percent_covered": 90.9090909090909, "percent_covered_display": "91", "missing_lines": 2, "excluded_lines": 0, "num_branches": 0, "num_partial_branches": 0, "covered_branches": 0, "missing_branches": 0}, "missing_lines": [29, 33], "excluded_lines": [], "executed_branches": [], "missing_branches": []}, "TestDisplayMilestones": {"executed_lines": [103, 108, 110, 111, 112, 113], "summary": {"covered_lines": 6, "num_statements": 6, "percent_covered": 100.0, "percent_covered_display": "100", "missing_lines": 0, "excluded_lines": 0, "num_branches": 0, "num_partial_branches": 0, "covered_branches": 0, "missing_branches": 0}, "missing_lines": [], "excluded_lines": [], "executed_branches": [], "missing_branches": []}, "TestLoadIssuesFromJson": {"executed_lines": [122, 138, 145, 147, 148, 151, 152, 153, 157, 159, 160, 163, 164, 168, 169, 170, 174, 175, 176], "summary": {"covered_lines": 19, "num_statements": 19, "percent_covered": 100.0, "percent_covered_display": "100", "missing_lines": 0, "excluded_lines": 0, "num_branches": 0, "num_partial_branches": 0, "covered_branches": 0, "missing_branches": 0}, "missing_lines": [], "excluded_lines": [], "executed_branches": [], "missing_branches": []}, "TestUserInteractions": {"executed_lines": [184, 185, 186, 190, 191, 192, 196, 197, 198, 202, 203, 204, 208, 209, 210, 214, 215, 216, 220, 221, 222], "summary": {"covered_lines": 21, "num_statements": 21, "percent_covered": 100.0, "percent_covered_display": "100", "missing_lines": 0, "excluded_lines": 0, "num_branches": 0, "num_partial_branches": 0, "covered_branches": 0, "missing_branches": 0}, "missing_lines": [], "excluded_lines": [], "executed_branches": [], "missing_branches": []}, "TestDeployIssues": {"executed_lines": [240, 255, 259, 260, 261, 263, 265, 266, 268, 270, 271, 272, 274, 278, 282, 283, 284, 286, 288, 291, 292, 293, 297, 301, 302, 303, 305, 306, 307, 309, 313, 317, 318, 319], "summary": {"covered_lines": 34, "num_statements": 36, "percent_covered": 95.0, "percent_covered_display": "95", "missing_lines": 2, "excluded_lines": 0, "num_branches": 4, "num_partial_branches": 0, "covered_branches": 4, "missing_branches": 0}, "missing_lines": [231, 235], "excluded_lines": [], "executed_branches": [[270, 271], [270, 274], [291, -276], [291, 292]], "missing_branches": []}, "TestMainFunction": {"executed_lines": [336, 337, 338, 339, 341, 342, 347, 351, 352, 353, 354, 355, 356, 357, 359, 361, 362, 364, 365, 367, 368, 372, 376, 377, 378, 379, 380, 381, 382, 384, 386, 388, 389, 391, 393], "summary": {"covered_lines": 35, "num_statements": 37, "percent_covered": 94.5945945945946, "percent_covered_display": "95", "missing_lines": 2, "excluded_lines": 0, "num_branches": 0, "num_partial_branches": 0, "covered_branches": 0, "missing_branches": 0}, "missing_lines": [328, 332], "excluded_lines": [], "executed_branches": [], "missing_branches": []}, "TestConfigurationAndSetup": {"executed_lines": [416, 417, 418, 422, 426, 430, 434, 438, 439], "summary": {"covered_lines": 9, "num_statements": 14, "percent_covered": 64.28571428571429, "percent_covered_display": "64", "missing_lines": 5, "excluded_lines": 0, "num_branches": 0, "num_partial_branches": 0, "covered_branches": 0, "missing_branches": 0}, "missing_lines": [405, 407, 408, 411, 412], "excluded_lines": [], "executed_branches": [], "missing_branches": []}, "TestCodeQuality": {"executed_lines": [447, 448, 452, 462, 463, 464, 465, 466, 467], "summary": {"covered_lines": 9, "num_statements": 9, "percent_covered": 100.0, "percent_covered_display": "100", "missing_lines": 0, "excluded_lines": 0, "num_branches": 2, "num_partial_branches": 0, "covered_branches": 2, "missing_branches": 0}, "missing_lines": [], "excluded_lines": [], "executed_branches": [[462, -450], [462, 463]], "missing_branches": []}, "": {"executed_lines": [1, 7, 8, 9, 10, 12, 13, 16, 20, 23, 24, 26, 27, 35, 36, 51, 76, 98, 99, 101, 116, 117, 119, 120, 135, 136, 143, 155, 166, 172, 179, 180, 182, 188, 194, 200, 206, 212, 218, 225, 226, 228, 229, 237, 238, 253, 276, 295, 311, 322, 323, 325, 326, 334, 345, 370, 396, 397, 399, 400, 414, 420, 432, 442, 443, 445, 450, 470], "summary": {"covered_lines": 58, "num_statements": 58, "percent_covered": 100.0, "percent_covered_display": "100", "missing_lines": 0, "excluded_lines": 2, "num_branches": 0, "num_partial_branches": 0, "covered_branches": 0, "missing_branches": 0}, "missing_lines": [], "excluded_lines": [470, 471], "executed_branches": [], "missing_branches": []}}}, "tests/unit/test_sim_receive.py": {"executed_lines": [1, 3, 4, 5, 6, 9, 10, 12, 14, 15, 22, 23, 25, 26, 27, 29, 30, 32, 33, 34, 35, 36, 38, 39, 41, 42, 43, 44, 46, 47, 49, 50, 51, 52, 54, 55, 57, 58, 59, 60, 62, 63, 65, 71, 72, 73, 75, 76, 78, 83, 84, 85, 87, 88, 90, 96, 97, 99, 100, 102, 106, 107, 109, 110, 112, 116, 117, 119, 120, 122, 126, 127, 130, 131, 133, 135, 137, 139, 140, 142, 144, 145, 146, 147, 149, 150, 152, 156, 160, 161, 162, 164, 166, 171, 173, 174, 176, 177, 178, 181, 182, 184, 186, 188, 189, 191, 192, 193, 194, 196, 197, 198, 200, 201, 202, 203, 204, 207, 208, 210, 212, 214, 216, 217, 219, 221, 222, 224, 225, 227, 231, 232, 235], "summary": {"covered_lines": 127, "num_statements": 127, "percent_covered": 100.0, "percent_covered_display": "100", "missing_lines": 0, "excluded_lines": 2, "num_branches": 2, "num_partial_branches": 0, "covered_branches": 2, "missing_branches": 0}, "missing_lines": [], "excluded_lines": [235, 236], "executed_branches": [[160, -149], [160, 161]], "missing_branches": [], "functions": {"TestReceiveEvent.setUp": {"executed_lines": [14, 15], "summary": {"covered_lines": 2, "num_statements": 2, "percent_covered": 100.0, "percent_covered_display": "100", "missing_lines": 0, "excluded_lines": 0, "num_branches": 0, "num_partial_branches": 0, "covered_branches": 0, "missing_branches": 0}, "missing_lines": [], "excluded_lines": [], "executed_branches": [], "missing_branches": []}, "TestReceiveEvent.test_receive_event_valid_payload": {"executed_lines": [25, 26, 27], "summary": {"covered_lines": 3, "num_statements": 3, "percent_covered": 100.0, "percent_covered_display": "100", "missing_lines": 0, "excluded_lines": 0, "num_branches": 0, "num_partial_branches": 0, "covered_branches": 0, "missing_branches": 0}, "missing_lines": [], "excluded_lines": [], "executed_branches": [], "missing_branches": []}, "TestReceiveEvent.test_receive_event_response_structure": {"executed_lines": [32, 33, 34, 35, 36], "summary": {"covered_lines": 5, "num_statements": 5, "percent_covered": 100.0, "percent_covered_display": "100", "missing_lines": 0, "excluded_lines": 0, "num_branches": 0, "num_partial_branches": 0, "covered_branches": 0, "missing_branches": 0}, "missing_lines": [], "excluded_lines": [], "executed_branches": [], "missing_branches": []}, "TestReceiveEvent.test_receive_event_logging_called": {"executed_lines": [41, 42, 43, 44], "summary": {"covered_lines": 4, "num_statements": 4, "percent_covered": 100.0, "percent_covered_display": "100", "missing_lines": 0, "excluded_lines": 0, "num_branches": 0, "num_partial_branches": 0, "covered_branches": 0, "missing_branches": 0}, "missing_lines": [], "excluded_lines": [], "executed_branches": [], "missing_branches": []}, "TestReceiveEvent.test_receive_event_empty_payload": {"executed_lines": [49, 50, 51, 52], "summary": {"covered_lines": 4, "num_statements": 4, "percent_covered": 100.0, "percent_covered_display": "100", "missing_lines": 0, "excluded_lines": 0, "num_branches": 0, "num_partial_branches": 0, "covered_branches": 0, "missing_branches": 0}, "missing_lines": [], "excluded_lines": [], "executed_branches": [], "missing_branches": []}, "TestReceiveEvent.test_receive_event_large_payload": {"executed_lines": [57, 58, 59, 60], "summary": {"covered_lines": 4, "num_statements": 4, "percent_covered": 100.0, "percent_covered_display": "100", "missing_lines": 0, "excluded_lines": 0, "num_branches": 0, "num_partial_branches": 0, "covered_branches": 0, "missing_branches": 0}, "missing_lines": [], "excluded_lines": [], "executed_branches": [], "missing_branches": []}, "TestReceiveEvent.test_receive_event_nested_payload": {"executed_lines": [65, 71, 72, 73], "summary": {"covered_lines": 4, "num_statements": 4, "percent_covered": 100.0, "percent_covered_display": "100", "missing_lines": 0, "excluded_lines": 0, "num_branches": 0, "num_partial_branches": 0, "covered_branches": 0, "missing_branches": 0}, "missing_lines": [], "excluded_lines": [], "executed_branches": [], "missing_branches": []}, "TestReceiveEvent.test_receive_event_special_characters": {"executed_lines": [78, 83, 84, 85], "summary": {"covered_lines": 4, "num_statements": 4, "percent_covered": 100.0, "percent_covered_display": "100", "missing_lines": 0, "excluded_lines": 0, "num_branches": 0, "num_partial_branches": 0, "covered_branches": 0, "missing_branches": 0}, "missing_lines": [], "excluded_lines": [], "executed_branches": [], "missing_branches": []}, "TestReceiveEvent.test_receive_event_numeric_values": {"executed_lines": [90, 96, 97], "summary": {"covered_lines": 3, "num_statements": 3, "percent_covered": 100.0, "percent_covered_display": "100", "missing_lines": 0, "excluded_lines": 0, "num_branches": 0, "num_partial_branches": 0, "covered_branches": 0, "missing_branches": 0}, "missing_lines": [], "excluded_lines": [], "executed_branches": [], "missing_branches": []}, "TestReceiveEvent.test_receive_event_boolean_values": {"executed_lines": [102, 106, 107], "summary": {"covered_lines": 3, "num_statements": 3, "percent_covered": 100.0, "percent_covered_display": "100", "missing_lines": 0, "excluded_lines": 0, "num_branches": 0, "num_partial_branches": 0, "covered_branches": 0, "missing_branches": 0}, "missing_lines": [], "excluded_lines": [], "executed_branches": [], "missing_branches": []}, "TestReceiveEvent.test_receive_event_null_values": {"executed_lines": [112, 116, 117], "summary": {"covered_lines": 3, "num_statements": 3, "percent_covered": 100.0, "percent_covered_display": "100", "missing_lines": 0, "excluded_lines": 0, "num_branches": 0, "num_partial_branches": 0, "covered_branches": 0, "missing_branches": 0}, "missing_lines": [], "excluded_lines": [], "executed_branches": [], "missing_branches": []}, "TestReceiveEvent.test_receive_event_array_payload": {"executed_lines": [122, 126, 127], "summary": {"covered_lines": 3, "num_statements": 3, "percent_covered": 100.0, "percent_covered_display": "100", "missing_lines": 0, "excluded_lines": 0, "num_branches": 0, "num_partial_branches": 0, "covered_branches": 0, "missing_branches": 0}, "missing_lines": [], "excluded_lines": [], "executed_branches": [], "missing_branches": []}, "TestFastAPIEndpoints.setUp": {"executed_lines": [135], "summary": {"covered_lines": 1, "num_statements": 1, "percent_covered": 100.0, "percent_covered_display": "100", "missing_lines": 0, "excluded_lines": 0, "num_branches": 0, "num_partial_branches": 0, "covered_branches": 0, "missing_branches": 0}, "missing_lines": [], "excluded_lines": [], "executed_branches": [], "missing_branches": []}, "TestFastAPIEndpoints.test_endpoint_exists": {"executed_lines": [139, 140], "summary": {"covered_lines": 2, "num_statements": 2, "percent_covered": 100.0, "percent_covered_display": "100", "missing_lines": 0, "excluded_lines": 0, "num_branches": 0, "num_partial_branches": 0, "covered_branches": 0, "missing_branches": 0}, "missing_lines": [], "excluded_lines": [], "executed_branches": [], "missing_branches": []}, "TestFastAPIEndpoints.test_endpoint_method_post_only": {"executed_lines": [144, 145, 146, 147], "summary": {"covered_lines": 4, "num_statements": 4, "percent_covered": 100.0, "percent_covered_display": "100", "missing_lines": 0, "excluded_lines": 0, "num_branches": 0, "num_partial_branches": 0, "covered_branches": 0, "missing_branches": 0}, "missing_lines": [], "excluded_lines": [], "executed_branches": [], "missing_branches": []}, "TestFastAPIEndpoints.test_concurrent_requests": {"executed_lines": [152, 156, 160, 161, 162], "summary": {"covered_lines": 5, "num_statements": 5, "percent_covered": 100.0, "percent_covered_display": "100", "missing_lines": 0, "excluded_lines": 0, "num_branches": 2, "num_partial_branches": 0, "covered_branches": 2, "missing_branches": 0}, "missing_lines": [], "excluded_lines": [], "executed_branches": [[160, -149], [160, 161]], "missing_branches": []}, "TestFastAPIEndpoints.test_invalid_json_payload": {"executed_lines": [166, 171], "summary": {"covered_lines": 2, "num_statements": 2, "percent_covered": 100.0, "percent_covered_display": "100", "missing_lines": 0, "excluded_lines": 0, "num_branches": 0, "num_partial_branches": 0, "covered_branches": 0, "missing_branches": 0}, "missing_lines": [], "excluded_lines": [], "executed_branches": [], "missing_branches": []}, "TestFastAPIEndpoints.test_content_type_validation": {"executed_lines": [176, 177, 178], "summary": {"covered_lines": 3, "num_statements": 3, "percent_covered": 100.0, "percent_covered_display": "100", "missing_lines": 0, "excluded_lines": 0, "num_branches": 0, "num_partial_branches": 0, "covered_branches": 0, "missing_branches": 0}, "missing_lines": [], "excluded_lines": [], "executed_branches": [], "missing_branches": []}, "TestAsyncBehavior.setUp": {"executed_lines": [186], "summary": {"covered_lines": 1, "num_statements": 1, "percent_covered": 100.0, "percent_covered_display": "100", "missing_lines": 0, "excluded_lines": 0, "num_branches": 0, "num_partial_branches": 0, "covered_branches": 0, "missing_branches": 0}, "missing_lines": [], "excluded_lines": [], "executed_branches": [], "missing_branches": []}, "TestAsyncBehavior.test_async_endpoint_execution": {"executed_lines": [191, 192, 193, 194], "summary": {"covered_lines": 4, "num_statements": 4, "percent_covered": 100.0, "percent_covered_display": "100", "missing_lines": 0, "excluded_lines": 0, "num_branches": 0, "num_partial_branches": 0, "covered_branches": 0, "missing_branches": 0}, "missing_lines": [], "excluded_lines": [], "executed_branches": [], "missing_branches": []}, "TestAsyncBehavior.test_timestamp_in_logging": {"executed_lines": [200, 201, 202, 203, 204], "summary": {"covered_lines": 5, "num_statements": 5, "percent_covered": 100.0, "percent_covered_display": "100", "missing_lines": 0, "excluded_lines": 0, "num_branches": 0, "num_partial_branches": 0, "covered_branches": 0, "missing_branches": 0}, "missing_lines": [], "excluded_lines": [], "executed_branches": [], "missing_branches": []}, "TestErrorHandling.setUp": {"executed_lines": [212], "summary": {"covered_lines": 1, "num_statements": 1, "percent_covered": 100.0, "percent_covered_display": "100", "missing_lines": 0, "excluded_lines": 0, "num_branches": 0, "num_partial_branches": 0, "covered_branches": 0, "missing_branches": 0}, "missing_lines": [], "excluded_lines": [], "executed_branches": [], "missing_branches": []}, "TestErrorHandling.test_missing_endpoint": {"executed_lines": [216, 217], "summary": {"covered_lines": 2, "num_statements": 2, "percent_covered": 100.0, "percent_covered_display": "100", "missing_lines": 0, "excluded_lines": 0, "num_branches": 0, "num_partial_branches": 0, "covered_branches": 0, "missing_branches": 0}, "missing_lines": [], "excluded_lines": [], "executed_branches": [], "missing_branches": []}, "TestErrorHandling.test_wrong_http_method": {"executed_lines": [221, 222], "summary": {"covered_lines": 2, "num_statements": 2, "percent_covered": 100.0, "percent_covered_display": "100", "missing_lines": 0, "excluded_lines": 0, "num_branches": 0, "num_partial_branches": 0, "covered_branches": 0, "missing_branches": 0}, "missing_lines": [], "excluded_lines": [], "executed_branches": [], "missing_branches": []}, "TestErrorHandling.test_extremely_large_payload": {"executed_lines": [227, 231, 232], "summary": {"covered_lines": 3, "num_statements": 3, "percent_covered": 100.0, "percent_covered_display": "100", "missing_lines": 0, "excluded_lines": 0, "num_branches": 0, "num_partial_branches": 0, "covered_branches": 0, "missing_branches": 0}, "missing_lines": [], "excluded_lines": [], "executed_branches": [], "missing_branches": []}, "": {"executed_lines": [1, 3, 4, 5, 6, 9, 10, 12, 22, 23, 29, 30, 38, 39, 46, 47, 54, 55, 62, 63, 75, 76, 87, 88, 99, 100, 109, 110, 119, 120, 130, 131, 133, 137, 142, 149, 150, 164, 173, 174, 181, 182, 184, 188, 189, 196, 197, 198, 207, 208, 210, 214, 219, 224, 225, 235], "summary": {"covered_lines": 50, "num_statements": 50, "percent_covered": 100.0, "percent_covered_display": "100", "missing_lines": 0, "excluded_lines": 2, "num_branches": 0, "num_partial_branches": 0, "covered_branches": 0, "missing_branches": 0}, "missing_lines": [], "excluded_lines": [235, 236], "executed_branches": [], "missing_branches": []}}, "classes": {"TestReceiveEvent": {"executed_lines": [14, 15, 25, 26, 27, 32, 33, 34, 35, 36, 41, 42, 43, 44, 49, 50, 51, 52, 57, 58, 59, 60, 65, 71, 72, 73, 78, 83, 84, 85, 90, 96, 97, 102, 106, 107, 112, 116, 117, 122, 126, 127], "summary": {"covered_lines": 42, "num_statements": 42, "percent_covered": 100.0, "percent_covered_display": "100", "missing_lines": 0, "excluded_lines": 0, "num_branches": 0, "num_partial_branches": 0, "covered_branches": 0, "missing_branches": 0}, "missing_lines": [], "excluded_lines": [], "executed_branches": [], "missing_branches": []}, "TestFastAPIEndpoints": {"executed_lines": [135, 139, 140, 144, 145, 146, 147, 152, 156, 160, 161, 162, 166, 171, 176, 177, 178], "summary": {"covered_lines": 17, "num_statements": 17, "percent_covered": 100.0, "percent_covered_display": "100", "missing_lines": 0, "excluded_lines": 0, "num_branches": 2, "num_partial_branches": 0, "covered_branches": 2, "missing_branches": 0}, "missing_lines": [], "excluded_lines": [], "executed_branches": [[160, -149], [160, 161]], "missing_branches": []}, "TestAsyncBehavior": {"executed_lines": [186, 191, 192, 193, 194, 200, 201, 202, 203, 204], "summary": {"covered_lines": 10, "num_statements": 10, "percent_covered": 100.0, "percent_covered_display": "100", "missing_lines": 0, "excluded_lines": 0, "num_branches": 0, "num_partial_branches": 0, "covered_branches": 0, "missing_branches": 0}, "missing_lines": [], "excluded_lines": [], "executed_branches": [], "missing_branches": []}, "TestErrorHandling": {"executed_lines": [212, 216, 217, 221, 222, 227, 231, 232], "summary": {"covered_lines": 8, "num_statements": 8, "percent_covered": 100.0, "percent_covered_display": "100", "missing_lines": 0, "excluded_lines": 0, "num_branches": 0, "num_partial_branches": 0, "covered_branches": 0, "missing_branches": 0}, "missing_lines": [], "excluded_lines": [], "executed_branches": [], "missing_branches": []}, "": {"executed_lines": [1, 3, 4, 5, 6, 9, 10, 12, 22, 23, 29, 30, 38, 39, 46, 47, 54, 55, 62, 63, 75, 76, 87, 88, 99, 100, 109, 110, 119, 120, 130, 131, 133, 137, 142, 149, 150, 164, 173, 174, 181, 182, 184, 188, 189, 196, 197, 198, 207, 208, 210, 214, 219, 224, 225, 235], "summary": {"covered_lines": 50, "num_statements": 50, "percent_covered": 100.0, "percent_covered_display": "100", "missing_lines": 0, "excluded_lines": 2, "num_branches": 0, "num_partial_branches": 0, "covered_branches": 0, "missing_branches": 0}, "missing_lines": [], "excluded_lines": [235, 236], "executed_branches": [], "missing_branches": []}}}, "tests/unit/test_sim_sender.py": {"executed_lines": [1, 7, 8, 9, 10, 11, 13, 15, 18, 19, 21, 23, 28, 30, 31, 32, 33, 37, 40, 41, 42, 44, 47, 50, 53, 56, 57, 58, 59, 61, 62, 63, 64, 67, 69, 70, 71, 73, 74, 76, 77, 79, 80, 81, 82, 83, 90, 93, 95, 98, 99, 100, 102, 103, 104, 105, 106, 113, 116, 119, 121, 123, 124, 125, 126, 127, 134, 138, 139, 141, 143, 146, 148, 149, 150, 151, 154, 157, 160, 163, 168, 170, 171, 172, 173, 176, 180, 181, 184, 190, 193, 196, 200, 201, 202, 203, 206, 207, 211, 212, 213, 215, 218, 219, 221, 222, 223, 224, 225, 232, 233, 237, 238, 240, 241, 243, 244, 246, 247, 248, 249, 252, 253, 257, 258, 259, 261, 263, 266, 271, 273, 274, 275, 276, 278, 283, 285, 288, 293, 295, 296, 297, 298, 301, 302, 306, 307, 308, 310, 313, 314, 317, 318, 320, 322, 327, 329, 330, 331, 333, 334, 335, 336, 337, 338, 340, 342, 344, 347], "summary": {"covered_lines": 165, "num_statements": 165, "percent_covered": 100.0, "percent_covered_display": "100", "missing_lines": 0, "excluded_lines": 2, "num_branches": 4, "num_partial_branches": 0, "covered_branches": 4, "missing_branches": 0}, "missing_lines": [], "excluded_lines": [347, 348], "executed_branches": [[76, -61], [76, 77], [329, 330], [329, 331]], "missing_branches": [], "functions": {"TestSendEvents.setUp": {"executed_lines": [23, 28], "summary": {"covered_lines": 2, "num_statements": 2, "percent_covered": 100.0, "percent_covered_display": "100", "missing_lines": 0, "excluded_lines": 0, "num_branches": 0, "num_partial_branches": 0, "covered_branches": 0, "missing_branches": 0}, "missing_lines": [], "excluded_lines": [], "executed_branches": [], "missing_branches": []}, "TestSendEvents.test_send_events_success_all_paths": {"executed_lines": [37, 40, 41, 42, 44, 47, 50, 53, 56, 57, 58, 59], "summary": {"covered_lines": 12, "num_statements": 12, "percent_covered": 100.0, "percent_covered_display": "100", "missing_lines": 0, "excluded_lines": 0, "num_branches": 0, "num_partial_branches": 0, "covered_branches": 0, "missing_branches": 0}, "missing_lines": [], "excluded_lines": [], "executed_branches": [], "missing_branches": []}, "TestSendEvents.test_send_events_custom_endpoint": {"executed_lines": [67, 69, 70, 71, 73, 74, 76, 77], "summary": {"covered_lines": 8, "num_statements": 8, "percent_covered": 100.0, "percent_covered_display": "100", "missing_lines": 0, "excluded_lines": 0, "num_branches": 2, "num_partial_branches": 0, "covered_branches": 2, "missing_branches": 0}, "missing_lines": [], "excluded_lines": [], "executed_branches": [[76, -61], [76, 77]], "missing_branches": []}, "TestSendEvents.test_send_events_request_timeout": {"executed_lines": [90, 93, 95, 98, 99, 100], "summary": {"covered_lines": 6, "num_statements": 6, "percent_covered": 100.0, "percent_covered_display": "100", "missing_lines": 0, "excluded_lines": 0, "num_branches": 0, "num_partial_branches": 0, "covered_branches": 0, "missing_branches": 0}, "missing_lines": [], "excluded_lines": [], "executed_branches": [], "missing_branches": []}, "TestSendEvents.test_send_events_connection_error": {"executed_lines": [113, 116, 119, 121], "summary": {"covered_lines": 4, "num_statements": 4, "percent_covered": 100.0, "percent_covered_display": "100", "missing_lines": 0, "excluded_lines": 0, "num_branches": 0, "num_partial_branches": 0, "covered_branches": 0, "missing_branches": 0}, "missing_lines": [], "excluded_lines": [], "executed_branches": [], "missing_branches": []}, "TestSendEvents.test_send_events_http_error": {"executed_lines": [134, 138, 139, 141, 143, 146], "summary": {"covered_lines": 6, "num_statements": 6, "percent_covered": 100.0, "percent_covered_display": "100", "missing_lines": 0, "excluded_lines": 0, "num_branches": 0, "num_partial_branches": 0, "covered_branches": 0, "missing_branches": 0}, "missing_lines": [], "excluded_lines": [], "executed_branches": [], "missing_branches": []}, "TestSendEvents.test_send_events_empty_file": {"executed_lines": [154, 157, 160, 163, 168], "summary": {"covered_lines": 5, "num_statements": 5, "percent_covered": 100.0, "percent_covered_display": "100", "missing_lines": 0, "excluded_lines": 0, "num_branches": 0, "num_partial_branches": 0, "covered_branches": 0, "missing_branches": 0}, "missing_lines": [], "excluded_lines": [], "executed_branches": [], "missing_branches": []}, "TestSendEvents.test_send_events_partial_failure": {"executed_lines": [176, 180, 181, 184, 190, 193, 196], "summary": {"covered_lines": 7, "num_statements": 7, "percent_covered": 100.0, "percent_covered_display": "100", "missing_lines": 0, "excluded_lines": 0, "num_branches": 0, "num_partial_branches": 0, "covered_branches": 0, "missing_branches": 0}, "missing_lines": [], "excluded_lines": [], "executed_branches": [], "missing_branches": []}, "TestSendEvents.test_send_events_request_timeout_parameter": {"executed_lines": [206, 207, 211, 212, 213, 215, 218, 219], "summary": {"covered_lines": 8, "num_statements": 8, "percent_covered": 100.0, "percent_covered_display": "100", "missing_lines": 0, "excluded_lines": 0, "num_branches": 0, "num_partial_branches": 0, "covered_branches": 0, "missing_branches": 0}, "missing_lines": [], "excluded_lines": [], "executed_branches": [], "missing_branches": []}, "TestSendEvents.test_send_events_malformed_json": {"executed_lines": [232, 233, 237, 238], "summary": {"covered_lines": 4, "num_statements": 4, "percent_covered": 100.0, "percent_covered_display": "100", "missing_lines": 0, "excluded_lines": 0, "num_branches": 0, "num_partial_branches": 0, "covered_branches": 0, "missing_branches": 0}, "missing_lines": [], "excluded_lines": [], "executed_branches": [], "missing_branches": []}, "TestSendEvents.test_send_events_file_not_found": {"executed_lines": [243, 244], "summary": {"covered_lines": 2, "num_statements": 2, "percent_covered": 100.0, "percent_covered_display": "100", "missing_lines": 0, "excluded_lines": 0, "num_branches": 0, "num_partial_branches": 0, "covered_branches": 0, "missing_branches": 0}, "missing_lines": [], "excluded_lines": [], "executed_branches": [], "missing_branches": []}, "TestSendEvents.test_send_events_single_event": {"executed_lines": [252, 253, 257, 258, 259, 261, 263, 266, 271], "summary": {"covered_lines": 9, "num_statements": 9, "percent_covered": 100.0, "percent_covered_display": "100", "missing_lines": 0, "excluded_lines": 0, "num_branches": 0, "num_partial_branches": 0, "covered_branches": 0, "missing_branches": 0}, "missing_lines": [], "excluded_lines": [], "executed_branches": [], "missing_branches": []}, "TestSendEvents.test_send_events_all_fail": {"executed_lines": [278, 283, 285, 288, 293], "summary": {"covered_lines": 5, "num_statements": 5, "percent_covered": 100.0, "percent_covered_display": "100", "missing_lines": 0, "excluded_lines": 0, "num_branches": 0, "num_partial_branches": 0, "covered_branches": 0, "missing_branches": 0}, "missing_lines": [], "excluded_lines": [], "executed_branches": [], "missing_branches": []}, "TestSendEvents.test_send_events_response_status_logged": {"executed_lines": [301, 302, 306, 307, 308, 310, 313, 314], "summary": {"covered_lines": 8, "num_statements": 8, "percent_covered": 100.0, "percent_covered_display": "100", "missing_lines": 0, "excluded_lines": 0, "num_branches": 0, "num_partial_branches": 0, "covered_branches": 0, "missing_branches": 0}, "missing_lines": [], "excluded_lines": [], "executed_branches": [], "missing_branches": []}, "TestSendEventsIntegration.test_send_events_with_real_file": {"executed_lines": [322, 327, 329, 330, 331, 333, 334, 335, 336, 337, 338, 340, 342, 344], "summary": {"covered_lines": 14, "num_statements": 14, "percent_covered": 100.0, "percent_covered_display": "100", "missing_lines": 0, "excluded_lines": 0, "num_branches": 2, "num_partial_branches": 0, "covered_branches": 2, "missing_branches": 0}, "missing_lines": [], "excluded_lines": [], "executed_branches": [[329, 330], [329, 331]], "missing_branches": []}, "": {"executed_lines": [1, 7, 8, 9, 10, 11, 13, 15, 18, 19, 21, 30, 31, 32, 33, 61, 62, 63, 64, 79, 80, 81, 82, 83, 102, 103, 104, 105, 106, 123, 124, 125, 126, 127, 148, 149, 150, 151, 170, 171, 172, 173, 200, 201, 202, 203, 221, 222, 223, 224, 225, 240, 241, 246, 247, 248, 249, 273, 274, 275, 276, 295, 296, 297, 298, 317, 318, 320, 347], "summary": {"covered_lines": 65, "num_statements": 65, "percent_covered": 100.0, "percent_covered_display": "100", "missing_lines": 0, "excluded_lines": 2, "num_branches": 0, "num_partial_branches": 0, "covered_branches": 0, "missing_branches": 0}, "missing_lines": [], "excluded_lines": [347, 348], "executed_branches": [], "missing_branches": []}}, "classes": {"TestSendEvents": {"executed_lines": [23, 28, 37, 40, 41, 42, 44, 47, 50, 53, 56, 57, 58, 59, 67, 69, 70, 71, 73, 74, 76, 77, 90, 93, 95, 98, 99, 100, 113, 116, 119, 121, 134, 138, 139, 141, 143, 146, 154, 157, 160, 163, 168, 176, 180, 181, 184, 190, 193, 196, 206, 207, 211, 212, 213, 215, 218, 219, 232, 233, 237, 238, 243, 244, 252, 253, 257, 258, 259, 261, 263, 266, 271, 278, 283, 285, 288, 293, 301, 302, 306, 307, 308, 310, 313, 314], "summary": {"covered_lines": 86, "num_statements": 86, "percent_covered": 100.0, "percent_covered_display": "100", "missing_lines": 0, "excluded_lines": 0, "num_branches": 2, "num_partial_branches": 0, "covered_branches": 2, "missing_branches": 0}, "missing_lines": [], "excluded_lines": [], "executed_branches": [[76, -61], [76, 77]], "missing_branches": []}, "TestSendEventsIntegration": {"executed_lines": [322, 327, 329, 330, 331, 333, 334, 335, 336, 337, 338, 340, 342, 344], "summary": {"covered_lines": 14, "num_statements": 14, "percent_covered": 100.0, "percent_covered_display": "100", "missing_lines": 0, "excluded_lines": 0, "num_branches": 2, "num_partial_branches": 0, "covered_branches": 2, "missing_branches": 0}, "missing_lines": [], "excluded_lines": [], "executed_branches": [[329, 330], [329, 331]], "missing_branches": []}, "": {"executed_lines": [1, 7, 8, 9, 10, 11, 13, 15, 18, 19, 21, 30, 31, 32, 33, 61, 62, 63, 64, 79, 80, 81, 82, 83, 102, 103, 104, 105, 106, 123, 124, 125, 126, 127, 148, 149, 150, 151, 170, 171, 172, 173, 200, 201, 202, 203, 221, 222, 223, 224, 225, 240, 241, 246, 247, 248, 249, 273, 274, 275, 276, 295, 296, 297, 298, 317, 318, 320, 347], "summary": {"covered_lines": 65, "num_statements": 65, "percent_covered": 100.0, "percent_covered_display": "100", "missing_lines": 0, "excluded_lines": 2, "num_branches": 0, "num_partial_branches": 0, "covered_branches": 0, "missing_branches": 0}, "missing_lines": [], "excluded_lines": [347, 348], "executed_branches": [], "missing_branches": []}}}}, "totals": {"covered_lines": 804, "num_statements": 837, "percent_covered": 95.71899012074643, "percent_covered_display": "96", "missing_lines": 33, "excluded_lines": 14, "num_branches": 74, "num_partial_branches": 2, "covered_branches": 68, "missing_branches": 6}}