<?xml version="1.0" encoding="utf-8"?><testsuites><testsuite name="pytest" errors="0" failures="1" skipped="4" tests="158" time="1.710" timestamp="2025-10-21T14:15:47.230155" hostname="runnervmwhb2z"><testcase classname="tests.can_data_platform.integration.test_sqs_connectivity" name="test_sqs_send_receive_delete" time="0.002"><skipped type="pytest.skip" message="SQS_QUEUE_URL not set (supply in .env or CI secrets)">/home/runner/work/automotive-devops-platform/automotive-devops-platform/tests/can_data_platform/integration/test_sqs_connectivity.py:60: SQS_QUEUE_URL not set (supply in .env or CI secrets)</skipped></testcase><testcase classname="tests.can_data_platform.unit.test_batch_sqs_consumer.TestBatchSQSConsumerMessageProcessing" name="test_process_message_body_complex_json" time="0.003" /><testcase classname="tests.can_data_platform.unit.test_batch_sqs_consumer.TestBatchSQSConsumerMessageProcessing" name="test_process_message_body_empty_json" time="0.001" /><testcase classname="tests.can_data_platform.unit.test_batch_sqs_consumer.TestBatchSQSConsumerMessageProcessing" name="test_process_message_body_invalid_json" time="0.002" /><testcase classname="tests.can_data_platform.unit.test_batch_sqs_consumer.TestBatchSQSConsumerMessageProcessing" name="test_process_message_body_valid_json" time="0.001" /><testcase classname="tests.can_data_platform.unit.test_batch_sqs_consumer.TestBatchSQSConsumerReceiveMessages" name="test_receive_messages_boto_error" time="0.003" /><testcase classname="tests.can_data_platform.unit.test_batch_sqs_consumer.TestBatchSQSConsumerReceiveMessages" name="test_receive_messages_client_error" time="0.002" /><testcase classname="tests.can_data_platform.unit.test_batch_sqs_consumer.TestBatchSQSConsumerReceiveMessages" name="test_receive_messages_no_messages" time="0.001" /><testcase classname="tests.can_data_platform.unit.test_batch_sqs_consumer.TestBatchSQSConsumerReceiveMessages" name="test_receive_messages_success" time="0.002" /><testcase classname="tests.can_data_platform.unit.test_batch_sqs_consumer.TestBatchSQSConsumerDeleteMessages" name="test_delete_messages_empty_entries" time="0.001" /><testcase classname="tests.can_data_platform.unit.test_batch_sqs_consumer.TestBatchSQSConsumerDeleteMessages" name="test_delete_messages_max_retries_exceeded" time="0.002" /><testcase classname="tests.can_data_platform.unit.test_batch_sqs_consumer.TestBatchSQSConsumerDeleteMessages" name="test_delete_messages_retry_success" time="0.002" /><testcase classname="tests.can_data_platform.unit.test_batch_sqs_consumer.TestBatchSQSConsumerDeleteMessages" name="test_delete_messages_success" time="0.002" /><testcase classname="tests.can_data_platform.unit.test_batch_sqs_consumer.TestBatchSQSConsumerProcessBatch" name="test_process_batch_all_failure" time="0.001" /><testcase classname="tests.can_data_platform.unit.test_batch_sqs_consumer.TestBatchSQSConsumerProcessBatch" name="test_process_batch_all_success" time="0.001" /><testcase classname="tests.can_data_platform.unit.test_batch_sqs_consumer.TestBatchSQSConsumerProcessBatch" name="test_process_batch_empty_messages" time="0.001" /><testcase classname="tests.can_data_platform.unit.test_batch_sqs_consumer.TestBatchSQSConsumerProcessBatch" name="test_process_batch_partial_success" time="0.001" /><testcase classname="tests.can_data_platform.unit.test_batch_sqs_consumer.TestBatchSQSConsumerEnvironmentVariables" name="test_environment_variable_defaults" time="0.001" /><testcase classname="tests.can_data_platform.unit.test_batch_sqs_consumer.TestBatchSQSConsumerEnvironmentVariables" name="test_environment_variable_override" time="0.003" /><testcase classname="tests.can_data_platform.unit.test_batch_sqs_consumer.TestBatchSQSConsumerIntegration" name="test_batch_consume_sqs_consecutive_failures" time="0.003" /><testcase classname="tests.can_data_platform.unit.test_batch_sqs_consumer.TestBatchSQSConsumerIntegration" name="test_batch_consume_sqs_no_messages" time="0.002" /><testcase classname="tests.can_data_platform.unit.test_batch_sqs_consumer.TestBatchSQSConsumerIntegration" name="test_batch_consume_sqs_successful_cycle" time="0.003" /><testcase classname="tests.can_data_platform.unit.test_batch_sqs_consumer.TestBatchSQSConsumerLogging" name="test_log_file_creation" time="0.001" /><testcase classname="tests.can_data_platform.unit.test_batch_sqs_consumer.TestBatchSQSConsumerLogging" name="test_logging_configuration" time="0.001" /><testcase classname="tests.can_data_platform.unit.test_gen_sample_events.TestGenerateEvents" name="test_event_structure_validation" time="0.001" /><testcase classname="tests.can_data_platform.unit.test_gen_sample_events.TestGenerateEvents" name="test_generate_events_custom_modules" time="0.001" /><testcase classname="tests.can_data_platform.unit.test_gen_sample_events.TestGenerateEvents" name="test_generate_events_custom_offset_range" time="0.001" /><testcase classname="tests.can_data_platform.unit.test_gen_sample_events.TestGenerateEvents" name="test_generate_events_default_parameters" time="0.001" /><testcase classname="tests.can_data_platform.unit.test_gen_sample_events.TestGenerateEvents" name="test_generate_events_dynamic_cells" time="0.001" /><testcase classname="tests.can_data_platform.unit.test_gen_sample_events.TestGenerateEvents" name="test_generate_events_many_modules" time="0.001" /><testcase classname="tests.can_data_platform.unit.test_gen_sample_events.TestGenerateEvents" name="test_generate_events_single_module" time="0.001" /><testcase classname="tests.can_data_platform.unit.test_gen_sample_events.TestGenerateEvents" name="test_generate_events_with_fixed_random" time="0.001" /><testcase classname="tests.can_data_platform.unit.test_gen_sample_events.TestGenerateEvents" name="test_generate_events_zero_offset_range" time="0.001" /><testcase classname="tests.can_data_platform.unit.test_gen_sample_events.TestGenerateEvents" name="test_large_number_of_events" time="0.013" /><testcase classname="tests.can_data_platform.unit.test_gen_sample_events.TestGenerateEvents" name="test_min_max_avg_calculations" time="0.001" /><testcase classname="tests.can_data_platform.unit.test_gen_sample_events.TestGenerateEvents" name="test_module_offsets_consistency" time="0.001" /><testcase classname="tests.can_data_platform.unit.test_gen_sample_events.TestGenerateEvents" name="test_single_event" time="0.001" /><testcase classname="tests.can_data_platform.unit.test_gen_sample_events.TestGenerateEvents" name="test_voltage_range_validity" time="0.001" /><testcase classname="tests.can_data_platform.unit.test_gen_sample_events.TestGenerateEvents" name="test_zero_events" time="0.001" /><testcase classname="tests.can_data_platform.unit.test_gen_sample_events.TestMain" name="test_main_both_mode" time="0.007" /><testcase classname="tests.can_data_platform.unit.test_gen_sample_events.TestMain" name="test_main_custom_arguments" time="0.008" /><testcase classname="tests.can_data_platform.unit.test_gen_sample_events.TestMain" name="test_main_default_arguments" time="0.006" /><testcase classname="tests.can_data_platform.unit.test_gen_sample_events.TestMain" name="test_main_jsonl_format" time="0.005" /><testcase classname="tests.can_data_platform.unit.test_gen_sample_events.TestMain" name="test_main_many_events" time="0.010" /><testcase classname="tests.can_data_platform.unit.test_gen_sample_events.TestMain" name="test_main_single_event" time="0.007" /><testcase classname="tests.can_data_platform.unit.test_gen_sample_events.TestMain" name="test_main_sqs_mode" time="0.003" /><testcase classname="tests.can_data_platform.unit.test_gen_sample_events.TestMain" name="test_main_sqs_mode_missing_url" time="0.002" /><testcase classname="tests.can_data_platform.unit.test_gen_sample_events.TestMain" name="test_main_zero_events" time="0.006" /><testcase classname="tests.can_data_platform.unit.test_gen_sample_events.TestSQSPublishingAndFileOutput" name="test_publish_to_sqs_all_failures_logs_error" time="0.003" /><testcase classname="tests.can_data_platform.unit.test_gen_sample_events.TestSQSPublishingAndFileOutput" name="test_publish_to_sqs_retry_on_exception" time="0.003" /><testcase classname="tests.can_data_platform.unit.test_gen_sample_events.TestSQSPublishingAndFileOutput" name="test_publish_to_sqs_success" time="0.002" /><testcase classname="tests.can_data_platform.unit.test_gen_sample_events.TestSQSPublishingAndFileOutput" name="test_write_events_to_file_creates_jsonl" time="0.001" /><testcase classname="tests.can_data_platform.unit.test_issue_deployer.TestFetchMilestones" name="test_fetch_milestones_success" time="0.003" /><testcase classname="tests.can_data_platform.unit.test_issue_deployer.TestFetchMilestones" name="test_fetch_milestones_failure" time="0.003" /><testcase classname="tests.can_data_platform.unit.test_issue_deployer.TestDisplayMilestones" name="test_display_milestones" time="0.001" /><testcase classname="tests.can_data_platform.unit.test_issue_deployer.TestLoadIssuesFromJson" name="test_load_issues_from_json_with_milestone" time="0.004" /><testcase classname="tests.can_data_platform.unit.test_issue_deployer.TestLoadIssuesFromJson" name="test_load_issues_from_json_without_milestone" time="0.004" /><testcase classname="tests.can_data_platform.unit.test_issue_deployer.TestLoadIssuesFromJson" name="test_load_issues_from_json_file_not_found" time="0.001" /><testcase classname="tests.can_data_platform.unit.test_issue_deployer.TestLoadIssuesFromJson" name="test_load_issues_from_json_invalid_json" time="0.004" /><testcase classname="tests.can_data_platform.unit.test_issue_deployer.TestUserInteractions" name="test_get_milestone_assignment_valid_number" time="0.001" /><testcase classname="tests.can_data_platform.unit.test_issue_deployer.TestUserInteractions" name="test_get_milestone_assignment_empty_input" time="0.001" /><testcase classname="tests.can_data_platform.unit.test_issue_deployer.TestUserInteractions" name="test_get_milestone_assignment_non_numeric" time="0.001" /><testcase classname="tests.can_data_platform.unit.test_issue_deployer.TestUserInteractions" name="test_confirm_deployment_yes" time="0.001" /><testcase classname="tests.can_data_platform.unit.test_issue_deployer.TestUserInteractions" name="test_confirm_deployment_yes_lowercase" time="0.001" /><testcase classname="tests.can_data_platform.unit.test_issue_deployer.TestUserInteractions" name="test_confirm_deployment_no" time="0.001" /><testcase classname="tests.can_data_platform.unit.test_issue_deployer.TestUserInteractions" name="test_confirm_deployment_empty" time="0.001" /><testcase classname="tests.can_data_platform.unit.test_issue_deployer.TestDeployIssues" name="test_deploy_issues_success" time="0.005" /><testcase classname="tests.can_data_platform.unit.test_issue_deployer.TestDeployIssues" name="test_deploy_issues_no_milestone" time="0.003" /><testcase classname="tests.can_data_platform.unit.test_issue_deployer.TestDeployIssues" name="test_deploy_issues_api_failure" time="0.030" /><testcase classname="tests.can_data_platform.unit.test_issue_deployer.TestDeployIssues" name="test_deploy_issues_network_timeout" time="0.002" /><testcase classname="tests.can_data_platform.unit.test_issue_deployer.TestMainFunction" name="test_main_missing_arguments" time="0.002" /><testcase classname="tests.can_data_platform.unit.test_issue_deployer.TestMainFunction" name="test_main_user_abort" time="0.004" /><testcase classname="tests.can_data_platform.unit.test_issue_deployer.TestMainFunction" name="test_main_successful_deployment" time="0.005" /><testcase classname="tests.can_data_platform.unit.test_issue_deployer.TestConfigurationAndSetup" name="test_missing_environment_variables" time="0.000"><skipped type="pytest.skip" message="Env var testing complex due to import caching">/home/runner/work/automotive-devops-platform/automotive-devops-platform/tests/can_data_platform/unit/test_issue_deployer.py:434: Env var testing complex due to import caching</skipped></testcase><testcase classname="tests.can_data_platform.unit.test_issue_deployer.TestConfigurationAndSetup" name="test_request_timeout_configuration" time="0.001" /><testcase classname="tests.can_data_platform.unit.test_issue_deployer.TestConfigurationAndSetup" name="test_headers_configuration" time="0.002" /><testcase classname="tests.can_data_platform.unit.test_issue_deployer.TestConfigurationAndSetup" name="test_base_url_configuration" time="0.002" /><testcase classname="tests.can_data_platform.unit.test_issue_deployer.TestCodeQuality" name="test_module_docstring" time="0.001" /><testcase classname="tests.can_data_platform.unit.test_issue_deployer.TestCodeQuality" name="test_all_functions_have_docstrings" time="0.001" /><testcase classname="tests.can_data_platform.unit.test_setup_sqs.TestSetupSQSArgumentParsing" name="test_command_line_arguments_override_environment" time="0.003" /><testcase classname="tests.can_data_platform.unit.test_setup_sqs.TestSetupSQSArgumentParsing" name="test_queue_name_from_environment" time="0.005"><failure message="AssertionError: expected call not found.&#10;Expected: SQSQueueConfig(queue_name='test-queue', region='us-east-1', encrypt=False)&#10;  Actual: SQSQueueConfig(queue_name='test-queue', region=None, encrypt=False)&#10;&#10;pytest introspection follows:&#10;&#10;Kwargs:&#10;assert {'encrypt': F...region': None} == {'encrypt': F...: 'us-east-1'}&#10;  Omitting 2 identical items, use -vv to show&#10;  Differing items:&#10;  {'region': None} != {'region': 'us-east-1'}&#10;  Full diff:&#10;  - {'encrypt': False, 'queue_name': 'test-queue', 'region': 'us-east-1'}&#10;  ?                                                          ^^^^ ------&#10;  + {'encrypt': False, 'queue_name': 'test-queue', 'region': None}&#10;  ?                                                          ^^^">self = &lt;MagicMock name='SQSQueueConfig' id='140536469588112'&gt;, args = ()
kwargs = {'encrypt': False, 'queue_name': 'test-queue', 'region': 'us-east-1'}
expected = call(queue_name='test-queue', region='us-east-1', encrypt=False)
actual = call(queue_name='test-queue', region=None, encrypt=False)
_error_message = &lt;function NonCallableMock.assert_called_with.&lt;locals&gt;._error_message at 0x7fd1324384a0&gt;
cause = None

    def assert_called_with(self, /, *args, **kwargs):
        """assert that the last call was made with the specified arguments.
    
        Raises an AssertionError if the args and keyword args passed in are
        different to the last call to the mock."""
        if self.call_args is None:
            expected = self._format_mock_call_signature(args, kwargs)
            actual = 'not called.'
            error_message = ('expected call not found.\nExpected: %s\n  Actual: %s'
                    % (expected, actual))
            raise AssertionError(error_message)
    
        def _error_message():
            msg = self._format_mock_failure_message(args, kwargs)
            return msg
        expected = self._call_matcher(_Call((args, kwargs), two=True))
        actual = self._call_matcher(self.call_args)
        if actual != expected:
            cause = expected if isinstance(expected, Exception) else None
&gt;           raise AssertionError(_error_message()) from cause
E           AssertionError: expected call not found.
E           Expected: SQSQueueConfig(queue_name='test-queue', region='us-east-1', encrypt=False)
E             Actual: SQSQueueConfig(queue_name='test-queue', region=None, encrypt=False)

/opt/hostedtoolcache/Python/3.11.13/x64/lib/python3.11/unittest/mock.py:939: AssertionError

During handling of the above exception, another exception occurred:

self = &lt;MagicMock name='SQSQueueConfig' id='140536469588112'&gt;, args = ()
kwargs = {'encrypt': False, 'queue_name': 'test-queue', 'region': 'us-east-1'}

    def assert_called_once_with(self, /, *args, **kwargs):
        """assert that the mock was called exactly once and that that call was
        with the specified arguments."""
        if not self.call_count == 1:
            msg = ("Expected '%s' to be called once. Called %s times.%s"
                   % (self._mock_name or 'mock',
                      self.call_count,
                      self._calls_repr()))
            raise AssertionError(msg)
&gt;       return self.assert_called_with(*args, **kwargs)
E       AssertionError: expected call not found.
E       Expected: SQSQueueConfig(queue_name='test-queue', region='us-east-1', encrypt=False)
E         Actual: SQSQueueConfig(queue_name='test-queue', region=None, encrypt=False)
E       
E       pytest introspection follows:
E       
E       Kwargs:
E       assert {'encrypt': F...region': None} == {'encrypt': F...: 'us-east-1'}
E         Omitting 2 identical items, use -vv to show
E         Differing items:
E         {'region': None} != {'region': 'us-east-1'}
E         Full diff:
E         - {'encrypt': False, 'queue_name': 'test-queue', 'region': 'us-east-1'}
E         ?                                                          ^^^^ ------
E         + {'encrypt': False, 'queue_name': 'test-queue', 'region': None}
E         ?                                                          ^^^

/opt/hostedtoolcache/Python/3.11.13/x64/lib/python3.11/unittest/mock.py:951: AssertionError

During handling of the above exception, another exception occurred:

self = &lt;can_data_platform.unit.test_setup_sqs.TestSetupSQSArgumentParsing testMethod=test_queue_name_from_environment&gt;
mock_config = &lt;MagicMock name='SQSQueueConfig' id='140536469588112'&gt;
mock_manager = &lt;MagicMock name='SQSQueueManager' id='140536469580560'&gt;

    @patch.dict(os.environ, {'SQS_QUEUE_NAME': 'test-queue'})
    @patch('projects.can_data_platform.scripts.setup_sqs.SQSQueueManager')
    @patch('projects.can_data_platform.scripts.setup_sqs.SQSQueueConfig')
    def test_queue_name_from_environment(self, mock_config, mock_manager):
        """Test queue name can be taken from environment variable."""
        mock_manager_instance = Mock()
        mock_manager_instance.create_queue.return_value = 'https://test-queue-url'
        mock_manager.return_value = mock_manager_instance
    
        # The queue name will come from environment variable, but argparse still requires --queue-name
        sys.argv = ['setup_sqs.py', '--queue-name', 'test-queue']
        main()
    
&gt;       mock_config.assert_called_once_with(
            queue_name='test-queue', region='us-east-1', encrypt=False
        )
E       AssertionError: expected call not found.
E       Expected: SQSQueueConfig(queue_name='test-queue', region='us-east-1', encrypt=False)
E         Actual: SQSQueueConfig(queue_name='test-queue', region=None, encrypt=False)
E       
E       pytest introspection follows:
E       
E       Kwargs:
E       assert {'encrypt': F...region': None} == {'encrypt': F...: 'us-east-1'}
E         Omitting 2 identical items, use -vv to show
E         Differing items:
E         {'region': None} != {'region': 'us-east-1'}
E         Full diff:
E         - {'encrypt': False, 'queue_name': 'test-queue', 'region': 'us-east-1'}
E         ?                                                          ^^^^ ------
E         + {'encrypt': False, 'queue_name': 'test-queue', 'region': None}
E         ?                                                          ^^^

tests/can_data_platform/unit/test_setup_sqs.py:60: AssertionError</failure></testcase><testcase classname="tests.can_data_platform.unit.test_setup_sqs.TestSetupSQSArgumentParsing" name="test_required_queue_name_missing" time="0.003" /><testcase classname="tests.can_data_platform.unit.test_setup_sqs.TestSetupSQSQueueCreation" name="test_queue_creation_with_custom_region" time="0.003" /><testcase classname="tests.can_data_platform.unit.test_setup_sqs.TestSetupSQSQueueCreation" name="test_queue_creation_with_encryption" time="0.004" /><testcase classname="tests.can_data_platform.unit.test_setup_sqs.TestSetupSQSQueueCreation" name="test_successful_queue_creation" time="0.003" /><testcase classname="tests.can_data_platform.unit.test_setup_sqs.TestSetupSQSIAMPolicyGeneration" name="test_iam_policy_generation_queue_arn_error" time="0.004" /><testcase classname="tests.can_data_platform.unit.test_setup_sqs.TestSetupSQSIAMPolicyGeneration" name="test_iam_policy_generation_success" time="0.001"><skipped type="pytest.skip" message="Path mocking needs refactoring - skipping for now">/home/runner/work/automotive-devops-platform/automotive-devops-platform/tests/can_data_platform/unit/test_setup_sqs.py:167: Path mocking needs refactoring - skipping for now</skipped></testcase><testcase classname="tests.can_data_platform.unit.test_setup_sqs.TestSetupSQSIAMPolicyGeneration" name="test_iam_policy_generation_value_error" time="0.004" /><testcase classname="tests.can_data_platform.unit.test_setup_sqs.TestSetupSQSIntegration" name="test_complete_workflow_with_iam_policies" time="0.001"><skipped type="pytest.skip" message="Path mocking needs refactoring - skipping for now">/home/runner/work/automotive-devops-platform/automotive-devops-platform/tests/can_data_platform/unit/test_setup_sqs.py:323: Path mocking needs refactoring - skipping for now</skipped></testcase><testcase classname="tests.can_data_platform.unit.test_setup_sqs.TestSetupSQSIntegration" name="test_environment_variables_integration" time="0.004" /><testcase classname="tests.can_data_platform.unit.test_setup_sqs.TestSetupSQSModuleImports" name="test_setup_project_path_adds_to_sys_path" time="0.002" /><testcase classname="tests.can_data_platform.unit.test_setup_sqs.TestSetupSQSModuleImports" name="test_setup_project_path_function_exists" time="0.001" /><testcase classname="tests.can_data_platform.unit.test_sim_receive.TestReceiveEvent" name="test_receive_event_array_payload" time="0.014" /><testcase classname="tests.can_data_platform.unit.test_sim_receive.TestReceiveEvent" name="test_receive_event_boolean_values" time="0.004" /><testcase classname="tests.can_data_platform.unit.test_sim_receive.TestReceiveEvent" name="test_receive_event_empty_payload" time="0.005" /><testcase classname="tests.can_data_platform.unit.test_sim_receive.TestReceiveEvent" name="test_receive_event_large_payload" time="0.004" /><testcase classname="tests.can_data_platform.unit.test_sim_receive.TestReceiveEvent" name="test_receive_event_logging_called" time="0.004" /><testcase classname="tests.can_data_platform.unit.test_sim_receive.TestReceiveEvent" name="test_receive_event_nested_payload" time="0.004" /><testcase classname="tests.can_data_platform.unit.test_sim_receive.TestReceiveEvent" name="test_receive_event_null_values" time="0.004" /><testcase classname="tests.can_data_platform.unit.test_sim_receive.TestReceiveEvent" name="test_receive_event_numeric_values" time="0.004" /><testcase classname="tests.can_data_platform.unit.test_sim_receive.TestReceiveEvent" name="test_receive_event_response_structure" time="0.004" /><testcase classname="tests.can_data_platform.unit.test_sim_receive.TestReceiveEvent" name="test_receive_event_special_characters" time="0.004" /><testcase classname="tests.can_data_platform.unit.test_sim_receive.TestReceiveEvent" name="test_receive_event_valid_payload" time="0.004" /><testcase classname="tests.can_data_platform.unit.test_sim_receive.TestFastAPIEndpoints" name="test_concurrent_requests" time="0.025" /><testcase classname="tests.can_data_platform.unit.test_sim_receive.TestFastAPIEndpoints" name="test_content_type_validation" time="0.004" /><testcase classname="tests.can_data_platform.unit.test_sim_receive.TestFastAPIEndpoints" name="test_endpoint_exists" time="0.003" /><testcase classname="tests.can_data_platform.unit.test_sim_receive.TestFastAPIEndpoints" name="test_endpoint_method_post_only" time="0.005" /><testcase classname="tests.can_data_platform.unit.test_sim_receive.TestFastAPIEndpoints" name="test_invalid_json_payload" time="0.003" /><testcase classname="tests.can_data_platform.unit.test_sim_receive.TestAsyncBehavior" name="test_async_endpoint_execution" time="0.005" /><testcase classname="tests.can_data_platform.unit.test_sim_receive.TestAsyncBehavior" name="test_timestamp_in_logging" time="0.006" /><testcase classname="tests.can_data_platform.unit.test_sim_receive.TestErrorHandling" name="test_extremely_large_payload" time="0.005" /><testcase classname="tests.can_data_platform.unit.test_sim_receive.TestErrorHandling" name="test_missing_endpoint" time="0.003" /><testcase classname="tests.can_data_platform.unit.test_sim_receive.TestErrorHandling" name="test_wrong_http_method" time="0.003" /><testcase classname="tests.can_data_platform.unit.test_sim_sender.TestSendEvents" name="test_send_events_all_fail" time="0.005" /><testcase classname="tests.can_data_platform.unit.test_sim_sender.TestSendEvents" name="test_send_events_connection_error" time="0.007" /><testcase classname="tests.can_data_platform.unit.test_sim_sender.TestSendEvents" name="test_send_events_custom_endpoint" time="0.006" /><testcase classname="tests.can_data_platform.unit.test_sim_sender.TestSendEvents" name="test_send_events_empty_file" time="0.005" /><testcase classname="tests.can_data_platform.unit.test_sim_sender.TestSendEvents" name="test_send_events_file_not_found" time="0.001" /><testcase classname="tests.can_data_platform.unit.test_sim_sender.TestSendEvents" name="test_send_events_http_error" time="0.006" /><testcase classname="tests.can_data_platform.unit.test_sim_sender.TestSendEvents" name="test_send_events_malformed_json" time="0.005" /><testcase classname="tests.can_data_platform.unit.test_sim_sender.TestSendEvents" name="test_send_events_partial_failure" time="0.006" /><testcase classname="tests.can_data_platform.unit.test_sim_sender.TestSendEvents" name="test_send_events_request_timeout" time="0.007" /><testcase classname="tests.can_data_platform.unit.test_sim_sender.TestSendEvents" name="test_send_events_request_timeout_parameter" time="0.006" /><testcase classname="tests.can_data_platform.unit.test_sim_sender.TestSendEvents" name="test_send_events_response_status_logged" time="0.006" /><testcase classname="tests.can_data_platform.unit.test_sim_sender.TestSendEvents" name="test_send_events_single_event" time="0.006" /><testcase classname="tests.can_data_platform.unit.test_sim_sender.TestSendEvents" name="test_send_events_success_all_paths" time="0.006" /><testcase classname="tests.can_data_platform.unit.test_sim_sender.TestSendEventsIntegration" name="test_send_events_with_real_file" time="0.003" /><testcase classname="tests.can_data_platform.unit.test_sqs_config.TestSQSQueueConfig" name="test_default_values" time="0.001" /><testcase classname="tests.can_data_platform.unit.test_sqs_config.TestSQSQueueConfig" name="test_custom_values" time="0.001" /><testcase classname="tests.can_data_platform.unit.test_sqs_config.TestSQSQueueConfig" name="test_from_environment_variables" time="0.001" /><testcase classname="tests.can_data_platform.unit.test_sqs_config.TestSQSQueueConfig" name="test_queue_name_required" time="0.001" /><testcase classname="tests.can_data_platform.unit.test_sqs_config.TestSQSQueueConfig" name="test_encryption_boolean" time="0.001" /><testcase classname="tests.can_data_platform.unit.test_sqs_config.TestSQSQueueConfig" name="test_numeric_constraints" time="0.001" /><testcase classname="tests.can_data_platform.unit.test_sqs_manager.TestSQSQueueManager" name="test_init" time="0.002" /><testcase classname="tests.can_data_platform.unit.test_sqs_manager.TestSQSQueueManager" name="test_init_with_profile" time="0.004" /><testcase classname="tests.can_data_platform.unit.test_sqs_manager.TestSQSQueueManager" name="test_create_queue_success" time="0.002" /><testcase classname="tests.can_data_platform.unit.test_sqs_manager.TestSQSQueueManager" name="test_create_queue_with_encryption" time="0.002" /><testcase classname="tests.can_data_platform.unit.test_sqs_manager.TestSQSQueueManager" name="test_create_queue_exception" time="0.002" /><testcase classname="tests.can_data_platform.unit.test_sqs_manager.TestSQSQueueManager" name="test_send_test_message_success" time="0.002" /><testcase classname="tests.can_data_platform.unit.test_sqs_manager.TestSQSQueueManager" name="test_send_test_message_default_payload" time="0.002" /><testcase classname="tests.can_data_platform.unit.test_sqs_manager.TestSQSQueueManager" name="test_receive_test_message_success" time="0.002" /><testcase classname="tests.can_data_platform.unit.test_sqs_manager.TestSQSQueueManager" name="test_receive_test_message_no_messages" time="0.002" /><testcase classname="tests.can_data_platform.unit.test_sqs_policy.TestSQSPolicyFunctions" name="test_sqs_producer_policy_structure" time="0.001" /><testcase classname="tests.can_data_platform.unit.test_sqs_policy.TestSQSPolicyFunctions" name="test_sqs_consumer_policy_structure" time="0.001" /><testcase classname="tests.can_data_platform.unit.test_sqs_policy.TestSQSPolicyFunctions" name="test_producer_policy_different_arns" time="0.001" /><testcase classname="tests.can_data_platform.unit.test_sqs_policy.TestSQSPolicyFunctions" name="test_consumer_policy_different_arns" time="0.001" /><testcase classname="tests.can_data_platform.unit.test_sqs_policy.TestSQSPolicyFunctions" name="test_policy_json_serializable" time="0.001" /><testcase classname="tests.can_data_platform.unit.test_sqs_policy.TestSQSPolicyFunctions" name="test_producer_consumer_policy_differences" time="0.001" /><testcase classname="tests.can_data_platform.unit.test_sqs_policy.TestSQSPolicyFunctions" name="test_policy_sid_uniqueness" time="0.001" /><testcase classname="tests.can_data_platform.unit.test_utils_config.TestUtilsConfig" name="test_config_imports_without_dotenv" time="0.002" /><testcase classname="tests.can_data_platform.unit.test_utils_config.TestUtilsConfig" name="test_api_key_default_value" time="0.002" /><testcase classname="tests.can_data_platform.unit.test_utils_config.TestUtilsConfig" name="test_api_key_from_environment" time="0.002" /><testcase classname="tests.can_data_platform.unit.test_utils_config.TestUtilsConfig" name="test_batch_size_default_value" time="0.002" /><testcase classname="tests.can_data_platform.unit.test_utils_config.TestUtilsConfig" name="test_batch_size_from_environment" time="0.002" /><testcase classname="tests.can_data_platform.unit.test_utils_config.TestUtilsConfig" name="test_batch_size_integer_conversion" time="0.005" /><testcase classname="tests.can_data_platform.unit.test_utils_config.TestUtilsConfig" name="test_config_with_dotenv_available" time="0.001" /><testcase classname="tests.can_data_platform.unit.test_utils_config.TestUtilsConfig" name="test_multiple_environment_variables" time="0.002" /><testcase classname="tests.can_data_platform.unit.test_utils_config.TestUtilsConfig" name="test_config_module_attributes" time="0.001" /></testsuite></testsuites>